[0.663s] Invoking command in '/home/iudc/dobot_ws/src/DOBOT_6Axis_ROS2_V4/dobot_moveit': DEBUGINFOD_URLS=https://debuginfod.ubuntu.com PYTHONPATH=/home/iudc/dobot_ws/build/dobot_moveit/prefix_override:/usr/lib/python3/dist-packages/colcon_core/task/python/colcon_distutils_commands:/home/iudc/dobot_ws/install/dobot_moveit/lib/python3.12/site-packages:${PYTHONPATH} /usr/bin/python3 -W ignore:setup.py install is deprecated -W ignore:easy_install command is deprecated setup.py egg_info --egg-base ../../../build/dobot_moveit build --build-base /home/iudc/dobot_ws/build/dobot_moveit/build install --record /home/iudc/dobot_ws/build/dobot_moveit/install.log --single-version-externally-managed install_data
[0.816s] running egg_info
[0.816s] creating ../../../build/dobot_moveit/dobot_moveit.egg-info
[0.827s] writing ../../../build/dobot_moveit/dobot_moveit.egg-info/PKG-INFO
[0.827s] writing dependency_links to ../../../build/dobot_moveit/dobot_moveit.egg-info/dependency_links.txt
[0.827s] writing entry points to ../../../build/dobot_moveit/dobot_moveit.egg-info/entry_points.txt
[0.827s] writing requirements to ../../../build/dobot_moveit/dobot_moveit.egg-info/requires.txt
[0.827s] writing top-level names to ../../../build/dobot_moveit/dobot_moveit.egg-info/top_level.txt
[0.828s] writing manifest file '../../../build/dobot_moveit/dobot_moveit.egg-info/SOURCES.txt'
[0.850s] reading manifest file '../../../build/dobot_moveit/dobot_moveit.egg-info/SOURCES.txt'
[0.850s] writing manifest file '../../../build/dobot_moveit/dobot_moveit.egg-info/SOURCES.txt'
[0.850s] running build
[0.851s] running build_py
[0.851s] creating /home/iudc/dobot_ws/build/dobot_moveit/build
[0.851s] creating /home/iudc/dobot_ws/build/dobot_moveit/build/lib
[0.851s] creating /home/iudc/dobot_ws/build/dobot_moveit/build/lib/dobot_moveit
[0.851s] copying dobot_moveit/action_move_server.py -> /home/iudc/dobot_ws/build/dobot_moveit/build/lib/dobot_moveit
[0.851s] copying dobot_moveit/joint_states.py -> /home/iudc/dobot_ws/build/dobot_moveit/build/lib/dobot_moveit
[0.851s] copying dobot_moveit/__init__.py -> /home/iudc/dobot_ws/build/dobot_moveit/build/lib/dobot_moveit
[0.851s] running install
[0.856s] running install_lib
[0.870s] creating /home/iudc/dobot_ws/install/dobot_moveit/lib/python3.12/site-packages/dobot_moveit
[0.870s] copying /home/iudc/dobot_ws/build/dobot_moveit/build/lib/dobot_moveit/action_move_server.py -> /home/iudc/dobot_ws/install/dobot_moveit/lib/python3.12/site-packages/dobot_moveit
[0.870s] copying /home/iudc/dobot_ws/build/dobot_moveit/build/lib/dobot_moveit/joint_states.py -> /home/iudc/dobot_ws/install/dobot_moveit/lib/python3.12/site-packages/dobot_moveit
[0.870s] copying /home/iudc/dobot_ws/build/dobot_moveit/build/lib/dobot_moveit/__init__.py -> /home/iudc/dobot_ws/install/dobot_moveit/lib/python3.12/site-packages/dobot_moveit
[0.870s] byte-compiling /home/iudc/dobot_ws/install/dobot_moveit/lib/python3.12/site-packages/dobot_moveit/action_move_server.py to action_move_server.cpython-312.pyc
[0.871s] byte-compiling /home/iudc/dobot_ws/install/dobot_moveit/lib/python3.12/site-packages/dobot_moveit/joint_states.py to joint_states.cpython-312.pyc
[0.872s] byte-compiling /home/iudc/dobot_ws/install/dobot_moveit/lib/python3.12/site-packages/dobot_moveit/__init__.py to __init__.cpython-312.pyc
[0.872s] running install_data
[0.872s] creating /home/iudc/dobot_ws/install/dobot_moveit/share/ament_index
[0.872s] creating /home/iudc/dobot_ws/install/dobot_moveit/share/ament_index/resource_index
[0.872s] creating /home/iudc/dobot_ws/install/dobot_moveit/share/ament_index/resource_index/packages
[0.872s] copying resource/dobot_moveit -> /home/iudc/dobot_ws/install/dobot_moveit/share/ament_index/resource_index/packages
[0.872s] copying package.xml -> /home/iudc/dobot_ws/install/dobot_moveit/share/dobot_moveit
[0.872s] creating /home/iudc/dobot_ws/install/dobot_moveit/share/dobot_moveit/launch
[0.872s] copying launch/moveit_demo.launch.py -> /home/iudc/dobot_ws/install/dobot_moveit/share/dobot_moveit/launch
[0.872s] copying launch/dobot_moveit.launch.py -> /home/iudc/dobot_ws/install/dobot_moveit/share/dobot_moveit/launch
[0.872s] copying launch/dobot_joint.launch.py -> /home/iudc/dobot_ws/install/dobot_moveit/share/dobot_moveit/launch
[0.873s] copying launch/moveit_gazebo.launch.py -> /home/iudc/dobot_ws/install/dobot_moveit/share/dobot_moveit/launch
[0.873s] running install_egg_info
[0.884s] Copying ../../../build/dobot_moveit/dobot_moveit.egg-info to /home/iudc/dobot_ws/install/dobot_moveit/lib/python3.12/site-packages/dobot_moveit-0.0.0-py3.12.egg-info
[0.885s] running install_scripts
[0.969s] Installing action_move_server script to /home/iudc/dobot_ws/install/dobot_moveit/lib/dobot_moveit
[0.969s] Installing joint_states script to /home/iudc/dobot_ws/install/dobot_moveit/lib/dobot_moveit
[0.969s] writing list of installed files to '/home/iudc/dobot_ws/build/dobot_moveit/install.log'
[0.993s] Invoked command in '/home/iudc/dobot_ws/src/DOBOT_6Axis_ROS2_V4/dobot_moveit' returned '0': DEBUGINFOD_URLS=https://debuginfod.ubuntu.com PYTHONPATH=/home/iudc/dobot_ws/build/dobot_moveit/prefix_override:/usr/lib/python3/dist-packages/colcon_core/task/python/colcon_distutils_commands:/home/iudc/dobot_ws/install/dobot_moveit/lib/python3.12/site-packages:${PYTHONPATH} /usr/bin/python3 -W ignore:setup.py install is deprecated -W ignore:easy_install command is deprecated setup.py egg_info --egg-base ../../../build/dobot_moveit build --build-base /home/iudc/dobot_ws/build/dobot_moveit/build install --record /home/iudc/dobot_ws/build/dobot_moveit/install.log --single-version-externally-managed install_data
