[0.026s] Invoking command in '/home/iudc/dobot_ws/build/cr20_moveit': AMENT_PREFIX_PATH=/home/iudc/dobot_ws/install/dobot_rviz:${AMENT_PREFIX_PATH} CMAKE_PREFIX_PATH=/home/iudc/dobot_ws/install/dobot_rviz:/opt/ros/jazzy/opt/gz_sim_vendor:/opt/ros/jazzy/opt/gz_sensors_vendor:/opt/ros/jazzy/opt/gz_physics_vendor:/opt/ros/jazzy/opt/sdformat_vendor:/opt/ros/jazzy/opt/gz_gui_vendor:/opt/ros/jazzy/opt/gz_transport_vendor:/opt/ros/jazzy/opt/gz_rendering_vendor:/opt/ros/jazzy/opt/gz_plugin_vendor:/opt/ros/jazzy/opt/gz_fuel_tools_vendor:/opt/ros/jazzy/opt/gz_msgs_vendor:/opt/ros/jazzy/opt/gz_common_vendor:/opt/ros/jazzy/opt/gz_math_vendor:/opt/ros/jazzy/opt/gz_utils_vendor:/opt/ros/jazzy/opt/gz_tools_vendor:/opt/ros/jazzy/opt/gz_ogre_next_vendor:/opt/ros/jazzy/opt/gz_dartsim_vendor:/opt/ros/jazzy/opt/gz_cmake_vendor:/opt/ros/jazzy DEBUGINFOD_URLS=https://debuginfod.ubuntu.com /usr/bin/cmake /home/iudc/dobot_ws/src/DOBOT_6Axis_ROS2_V4/cr20_moveit -DCMAKE_INSTALL_PREFIX=/home/iudc/dobot_ws/install/cr20_moveit
[0.067s] -- The C compiler identification is GNU 13.3.0
[0.107s] -- The CXX compiler identification is GNU 13.3.0
[0.121s] -- Detecting C compiler ABI info
[0.193s] -- Detecting C compiler ABI info - done
[0.198s] -- Check for working C compiler: /usr/bin/cc - skipped
[0.199s] -- Detecting C compile features
[0.199s] -- Detecting C compile features - done
[0.207s] -- Detecting CXX compiler ABI info
[0.285s] -- Detecting CXX compiler ABI info - done
[0.291s] -- Check for working CXX compiler: /usr/bin/c++ - skipped
[0.291s] -- Detecting CXX compile features
[0.291s] -- Detecting CXX compile features - done
[0.294s] -- Found ament_cmake: 2.5.5 (/opt/ros/jazzy/share/ament_cmake/cmake)
[0.404s] -- Found Python3: /usr/bin/python3 (found version "3.12.3") found components: Interpreter 
[0.545s] -- Configuring done (0.5s)
[0.548s] -- Generating done (0.0s)
[0.549s] -- Build files have been written to: /home/iudc/dobot_ws/build/cr20_moveit
[0.556s] Invoked command in '/home/iudc/dobot_ws/build/cr20_moveit' returned '0': AMENT_PREFIX_PATH=/home/iudc/dobot_ws/install/dobot_rviz:${AMENT_PREFIX_PATH} CMAKE_PREFIX_PATH=/home/iudc/dobot_ws/install/dobot_rviz:/opt/ros/jazzy/opt/gz_sim_vendor:/opt/ros/jazzy/opt/gz_sensors_vendor:/opt/ros/jazzy/opt/gz_physics_vendor:/opt/ros/jazzy/opt/sdformat_vendor:/opt/ros/jazzy/opt/gz_gui_vendor:/opt/ros/jazzy/opt/gz_transport_vendor:/opt/ros/jazzy/opt/gz_rendering_vendor:/opt/ros/jazzy/opt/gz_plugin_vendor:/opt/ros/jazzy/opt/gz_fuel_tools_vendor:/opt/ros/jazzy/opt/gz_msgs_vendor:/opt/ros/jazzy/opt/gz_common_vendor:/opt/ros/jazzy/opt/gz_math_vendor:/opt/ros/jazzy/opt/gz_utils_vendor:/opt/ros/jazzy/opt/gz_tools_vendor:/opt/ros/jazzy/opt/gz_ogre_next_vendor:/opt/ros/jazzy/opt/gz_dartsim_vendor:/opt/ros/jazzy/opt/gz_cmake_vendor:/opt/ros/jazzy DEBUGINFOD_URLS=https://debuginfod.ubuntu.com /usr/bin/cmake /home/iudc/dobot_ws/src/DOBOT_6Axis_ROS2_V4/cr20_moveit -DCMAKE_INSTALL_PREFIX=/home/iudc/dobot_ws/install/cr20_moveit
[0.556s] Invoking command in '/home/iudc/dobot_ws/build/cr20_moveit': AMENT_PREFIX_PATH=/home/iudc/dobot_ws/install/dobot_rviz:${AMENT_PREFIX_PATH} CMAKE_PREFIX_PATH=/home/iudc/dobot_ws/install/dobot_rviz:/opt/ros/jazzy/opt/gz_sim_vendor:/opt/ros/jazzy/opt/gz_sensors_vendor:/opt/ros/jazzy/opt/gz_physics_vendor:/opt/ros/jazzy/opt/sdformat_vendor:/opt/ros/jazzy/opt/gz_gui_vendor:/opt/ros/jazzy/opt/gz_transport_vendor:/opt/ros/jazzy/opt/gz_rendering_vendor:/opt/ros/jazzy/opt/gz_plugin_vendor:/opt/ros/jazzy/opt/gz_fuel_tools_vendor:/opt/ros/jazzy/opt/gz_msgs_vendor:/opt/ros/jazzy/opt/gz_common_vendor:/opt/ros/jazzy/opt/gz_math_vendor:/opt/ros/jazzy/opt/gz_utils_vendor:/opt/ros/jazzy/opt/gz_tools_vendor:/opt/ros/jazzy/opt/gz_ogre_next_vendor:/opt/ros/jazzy/opt/gz_dartsim_vendor:/opt/ros/jazzy/opt/gz_cmake_vendor:/opt/ros/jazzy DEBUGINFOD_URLS=https://debuginfod.ubuntu.com /usr/bin/cmake --build /home/iudc/dobot_ws/build/cr20_moveit -- -j24 -l24
[0.595s] Invoked command in '/home/iudc/dobot_ws/build/cr20_moveit' returned '0': AMENT_PREFIX_PATH=/home/iudc/dobot_ws/install/dobot_rviz:${AMENT_PREFIX_PATH} CMAKE_PREFIX_PATH=/home/iudc/dobot_ws/install/dobot_rviz:/opt/ros/jazzy/opt/gz_sim_vendor:/opt/ros/jazzy/opt/gz_sensors_vendor:/opt/ros/jazzy/opt/gz_physics_vendor:/opt/ros/jazzy/opt/sdformat_vendor:/opt/ros/jazzy/opt/gz_gui_vendor:/opt/ros/jazzy/opt/gz_transport_vendor:/opt/ros/jazzy/opt/gz_rendering_vendor:/opt/ros/jazzy/opt/gz_plugin_vendor:/opt/ros/jazzy/opt/gz_fuel_tools_vendor:/opt/ros/jazzy/opt/gz_msgs_vendor:/opt/ros/jazzy/opt/gz_common_vendor:/opt/ros/jazzy/opt/gz_math_vendor:/opt/ros/jazzy/opt/gz_utils_vendor:/opt/ros/jazzy/opt/gz_tools_vendor:/opt/ros/jazzy/opt/gz_ogre_next_vendor:/opt/ros/jazzy/opt/gz_dartsim_vendor:/opt/ros/jazzy/opt/gz_cmake_vendor:/opt/ros/jazzy DEBUGINFOD_URLS=https://debuginfod.ubuntu.com /usr/bin/cmake --build /home/iudc/dobot_ws/build/cr20_moveit -- -j24 -l24
[0.596s] Invoking command in '/home/iudc/dobot_ws/build/cr20_moveit': AMENT_PREFIX_PATH=/home/iudc/dobot_ws/install/dobot_rviz:${AMENT_PREFIX_PATH} CMAKE_PREFIX_PATH=/home/iudc/dobot_ws/install/dobot_rviz:/opt/ros/jazzy/opt/gz_sim_vendor:/opt/ros/jazzy/opt/gz_sensors_vendor:/opt/ros/jazzy/opt/gz_physics_vendor:/opt/ros/jazzy/opt/sdformat_vendor:/opt/ros/jazzy/opt/gz_gui_vendor:/opt/ros/jazzy/opt/gz_transport_vendor:/opt/ros/jazzy/opt/gz_rendering_vendor:/opt/ros/jazzy/opt/gz_plugin_vendor:/opt/ros/jazzy/opt/gz_fuel_tools_vendor:/opt/ros/jazzy/opt/gz_msgs_vendor:/opt/ros/jazzy/opt/gz_common_vendor:/opt/ros/jazzy/opt/gz_math_vendor:/opt/ros/jazzy/opt/gz_utils_vendor:/opt/ros/jazzy/opt/gz_tools_vendor:/opt/ros/jazzy/opt/gz_ogre_next_vendor:/opt/ros/jazzy/opt/gz_dartsim_vendor:/opt/ros/jazzy/opt/gz_cmake_vendor:/opt/ros/jazzy DEBUGINFOD_URLS=https://debuginfod.ubuntu.com /usr/bin/cmake --install /home/iudc/dobot_ws/build/cr20_moveit
[0.602s] -- Install configuration: ""
[0.602s] -- Installing: /home/iudc/dobot_ws/install/cr20_moveit/share/ament_index/resource_index/package_run_dependencies/cr20_moveit
[0.603s] -- Installing: /home/iudc/dobot_ws/install/cr20_moveit/share/ament_index/resource_index/parent_prefix_path/cr20_moveit
[0.603s] -- Installing: /home/iudc/dobot_ws/install/cr20_moveit/share/cr20_moveit/environment/ament_prefix_path.sh
[0.603s] -- Installing: /home/iudc/dobot_ws/install/cr20_moveit/share/cr20_moveit/environment/ament_prefix_path.dsv
[0.603s] -- Installing: /home/iudc/dobot_ws/install/cr20_moveit/share/cr20_moveit/environment/path.sh
[0.603s] -- Installing: /home/iudc/dobot_ws/install/cr20_moveit/share/cr20_moveit/environment/path.dsv
[0.603s] -- Installing: /home/iudc/dobot_ws/install/cr20_moveit/share/cr20_moveit/local_setup.bash
[0.603s] -- Installing: /home/iudc/dobot_ws/install/cr20_moveit/share/cr20_moveit/local_setup.sh
[0.604s] -- Installing: /home/iudc/dobot_ws/install/cr20_moveit/share/cr20_moveit/local_setup.zsh
[0.604s] -- Installing: /home/iudc/dobot_ws/install/cr20_moveit/share/cr20_moveit/local_setup.dsv
[0.604s] -- Installing: /home/iudc/dobot_ws/install/cr20_moveit/share/cr20_moveit/package.dsv
[0.604s] -- Installing: /home/iudc/dobot_ws/install/cr20_moveit/share/ament_index/resource_index/packages/cr20_moveit
[0.604s] -- Installing: /home/iudc/dobot_ws/install/cr20_moveit/share/cr20_moveit/cmake/cr20_moveitConfig.cmake
[0.604s] -- Installing: /home/iudc/dobot_ws/install/cr20_moveit/share/cr20_moveit/cmake/cr20_moveitConfig-version.cmake
[0.604s] -- Installing: /home/iudc/dobot_ws/install/cr20_moveit/share/cr20_moveit/package.xml
[0.604s] -- Installing: /home/iudc/dobot_ws/install/cr20_moveit/share/cr20_moveit/launch
[0.604s] -- Installing: /home/iudc/dobot_ws/install/cr20_moveit/share/cr20_moveit/launch/moveit_rviz.launch.py
[0.604s] -- Installing: /home/iudc/dobot_ws/install/cr20_moveit/share/cr20_moveit/launch/dobot_moveit.launch.py
[0.604s] -- Installing: /home/iudc/dobot_ws/install/cr20_moveit/share/cr20_moveit/launch/setup_assistant.launch.py
[0.604s] -- Installing: /home/iudc/dobot_ws/install/cr20_moveit/share/cr20_moveit/launch/static_virtual_joint_tfs.launch.py
[0.604s] -- Installing: /home/iudc/dobot_ws/install/cr20_moveit/share/cr20_moveit/launch/demo.launch.py
[0.604s] -- Installing: /home/iudc/dobot_ws/install/cr20_moveit/share/cr20_moveit/launch/move_group.launch.py
[0.604s] -- Installing: /home/iudc/dobot_ws/install/cr20_moveit/share/cr20_moveit/launch/warehouse_db.launch.py
[0.604s] -- Installing: /home/iudc/dobot_ws/install/cr20_moveit/share/cr20_moveit/launch/rsp.launch.py
[0.604s] -- Installing: /home/iudc/dobot_ws/install/cr20_moveit/share/cr20_moveit/launch/spawn_controllers.launch.py
[0.605s] -- Installing: /home/iudc/dobot_ws/install/cr20_moveit/share/cr20_moveit/launch/moveit_gazebo.launch.py
[0.605s] -- Installing: /home/iudc/dobot_ws/install/cr20_moveit/share/cr20_moveit/config
[0.605s] -- Installing: /home/iudc/dobot_ws/install/cr20_moveit/share/cr20_moveit/config/cr20_robot.urdf.xacro
[0.605s] -- Installing: /home/iudc/dobot_ws/install/cr20_moveit/share/cr20_moveit/config/pilz_cartesian_limits.yaml
[0.605s] -- Installing: /home/iudc/dobot_ws/install/cr20_moveit/share/cr20_moveit/config/kinematics.yaml
[0.605s] -- Installing: /home/iudc/dobot_ws/install/cr20_moveit/share/cr20_moveit/config/moveit.rviz
[0.605s] -- Installing: /home/iudc/dobot_ws/install/cr20_moveit/share/cr20_moveit/config/ros2_controllers.yaml
[0.605s] -- Installing: /home/iudc/dobot_ws/install/cr20_moveit/share/cr20_moveit/config/cr20_robot.srdf
[0.605s] -- Installing: /home/iudc/dobot_ws/install/cr20_moveit/share/cr20_moveit/config/initial_positions.yaml
[0.605s] -- Installing: /home/iudc/dobot_ws/install/cr20_moveit/share/cr20_moveit/config/cr20_robot.ros2_control.xacro
[0.605s] -- Installing: /home/iudc/dobot_ws/install/cr20_moveit/share/cr20_moveit/config/moveit_controllers.yaml
[0.605s] -- Installing: /home/iudc/dobot_ws/install/cr20_moveit/share/cr20_moveit/config/joint_limits.yaml
[0.605s] -- Installing: /home/iudc/dobot_ws/install/cr20_moveit/share/cr20_moveit/.setup_assistant
[0.611s] Invoked command in '/home/iudc/dobot_ws/build/cr20_moveit' returned '0': AMENT_PREFIX_PATH=/home/iudc/dobot_ws/install/dobot_rviz:${AMENT_PREFIX_PATH} CMAKE_PREFIX_PATH=/home/iudc/dobot_ws/install/dobot_rviz:/opt/ros/jazzy/opt/gz_sim_vendor:/opt/ros/jazzy/opt/gz_sensors_vendor:/opt/ros/jazzy/opt/gz_physics_vendor:/opt/ros/jazzy/opt/sdformat_vendor:/opt/ros/jazzy/opt/gz_gui_vendor:/opt/ros/jazzy/opt/gz_transport_vendor:/opt/ros/jazzy/opt/gz_rendering_vendor:/opt/ros/jazzy/opt/gz_plugin_vendor:/opt/ros/jazzy/opt/gz_fuel_tools_vendor:/opt/ros/jazzy/opt/gz_msgs_vendor:/opt/ros/jazzy/opt/gz_common_vendor:/opt/ros/jazzy/opt/gz_math_vendor:/opt/ros/jazzy/opt/gz_utils_vendor:/opt/ros/jazzy/opt/gz_tools_vendor:/opt/ros/jazzy/opt/gz_ogre_next_vendor:/opt/ros/jazzy/opt/gz_dartsim_vendor:/opt/ros/jazzy/opt/gz_cmake_vendor:/opt/ros/jazzy DEBUGINFOD_URLS=https://debuginfod.ubuntu.com /usr/bin/cmake --install /home/iudc/dobot_ws/build/cr20_moveit
