running develop
running egg_info
creating dobot_vision.egg-info
writing dobot_vision.egg-info/PKG-INFO
writing dependency_links to dobot_vision.egg-info/dependency_links.txt
writing entry points to dobot_vision.egg-info/entry_points.txt
writing requirements to dobot_vision.egg-info/requires.txt
writing top-level names to dobot_vision.egg-info/top_level.txt
writing manifest file 'dobot_vision.egg-info/SOURCES.txt'
reading manifest file 'dobot_vision.egg-info/SOURCES.txt'
writing manifest file 'dobot_vision.egg-info/SOURCES.txt'
running build_ext
Creating /home/iudc/dobot_ws/install/dobot_vision/lib/python3.12/site-packages/dobot-vision.egg-link (link to .)
Installing pose_publisher script to /home/iudc/dobot_ws/install/dobot_vision/lib/dobot_vision

Installed /home/iudc/dobot_ws/build/dobot_vision
running symlink_data
creating /home/iudc/dobot_ws/install/dobot_vision/share/ament_index
creating /home/iudc/dobot_ws/install/dobot_vision/share/ament_index/resource_index
creating /home/iudc/dobot_ws/install/dobot_vision/share/ament_index/resource_index/packages
symbolically linking /home/iudc/dobot_ws/build/dobot_vision/resource/dobot_vision -> /home/iudc/dobot_ws/install/dobot_vision/share/ament_index/resource_index/packages
symbolically linking /home/iudc/dobot_ws/build/dobot_vision/package.xml -> /home/iudc/dobot_ws/install/dobot_vision/share/dobot_vision
creating /home/iudc/dobot_ws/install/dobot_vision/share/dobot_vision/launch
symbolically linking /home/iudc/dobot_ws/build/dobot_vision/launch/vision_sim.launch.py -> /home/iudc/dobot_ws/install/dobot_vision/share/dobot_vision/launch
symbolically linking /home/iudc/dobot_ws/build/dobot_vision/launch/vision_real.launch.py -> /home/iudc/dobot_ws/install/dobot_vision/share/dobot_vision/launch
creating /home/iudc/dobot_ws/install/dobot_vision/share/dobot_vision/config
symbolically linking /home/iudc/dobot_ws/build/dobot_vision/config/tags_36h11.yaml -> /home/iudc/dobot_ws/install/dobot_vision/share/dobot_vision/config
symbolically linking /home/iudc/dobot_ws/build/dobot_vision/config/vision_params.yaml -> /home/iudc/dobot_ws/install/dobot_vision/share/dobot_vision/config
