[0.519s] Invoking command in '/home/iudc/dobot_ws/build/dobot_vision': DEBUGINFOD_URLS=https://debuginfod.ubuntu.com PYTHONPATH=/home/iudc/dobot_ws/build/dobot_vision/prefix_override:/usr/lib/python3/dist-packages/colcon_core/task/python/colcon_distutils_commands:/home/iudc/dobot_ws/install/dobot_vision/lib/python3.12/site-packages:${PYTHONPATH} /usr/bin/python3 -W ignore:setup.py install is deprecated -W ignore:easy_install command is deprecated setup.py develop --editable --build-directory /home/iudc/dobot_ws/build/dobot_vision/build --no-deps symlink_data
[0.718s] running develop
[0.833s] running egg_info
[0.833s] creating dobot_vision.egg-info
[0.845s] writing dobot_vision.egg-info/PKG-INFO
[0.845s] writing dependency_links to dobot_vision.egg-info/dependency_links.txt
[0.845s] writing entry points to dobot_vision.egg-info/entry_points.txt
[0.845s] writing requirements to dobot_vision.egg-info/requires.txt
[0.845s] writing top-level names to dobot_vision.egg-info/top_level.txt
[0.845s] writing manifest file 'dobot_vision.egg-info/SOURCES.txt'
[0.868s] reading manifest file 'dobot_vision.egg-info/SOURCES.txt'
[0.869s] writing manifest file 'dobot_vision.egg-info/SOURCES.txt'
[0.881s] running build_ext
[0.881s] Creating /home/iudc/dobot_ws/install/dobot_vision/lib/python3.12/site-packages/dobot-vision.egg-link (link to .)
[0.882s] Installing pose_publisher script to /home/iudc/dobot_ws/install/dobot_vision/lib/dobot_vision
[0.882s] 
[0.882s] Installed /home/iudc/dobot_ws/build/dobot_vision
[0.882s] running symlink_data
[0.882s] creating /home/iudc/dobot_ws/install/dobot_vision/share/ament_index
[0.882s] creating /home/iudc/dobot_ws/install/dobot_vision/share/ament_index/resource_index
[0.882s] creating /home/iudc/dobot_ws/install/dobot_vision/share/ament_index/resource_index/packages
[0.882s] symbolically linking /home/iudc/dobot_ws/build/dobot_vision/resource/dobot_vision -> /home/iudc/dobot_ws/install/dobot_vision/share/ament_index/resource_index/packages
[0.882s] symbolically linking /home/iudc/dobot_ws/build/dobot_vision/package.xml -> /home/iudc/dobot_ws/install/dobot_vision/share/dobot_vision
[0.882s] creating /home/iudc/dobot_ws/install/dobot_vision/share/dobot_vision/launch
[0.882s] symbolically linking /home/iudc/dobot_ws/build/dobot_vision/launch/vision_sim.launch.py -> /home/iudc/dobot_ws/install/dobot_vision/share/dobot_vision/launch
[0.882s] symbolically linking /home/iudc/dobot_ws/build/dobot_vision/launch/vision_real.launch.py -> /home/iudc/dobot_ws/install/dobot_vision/share/dobot_vision/launch
[0.883s] creating /home/iudc/dobot_ws/install/dobot_vision/share/dobot_vision/config
[0.883s] symbolically linking /home/iudc/dobot_ws/build/dobot_vision/config/tags_36h11.yaml -> /home/iudc/dobot_ws/install/dobot_vision/share/dobot_vision/config
[0.883s] symbolically linking /home/iudc/dobot_ws/build/dobot_vision/config/vision_params.yaml -> /home/iudc/dobot_ws/install/dobot_vision/share/dobot_vision/config
[0.914s] Invoked command in '/home/iudc/dobot_ws/build/dobot_vision' returned '0': DEBUGINFOD_URLS=https://debuginfod.ubuntu.com PYTHONPATH=/home/iudc/dobot_ws/build/dobot_vision/prefix_override:/usr/lib/python3/dist-packages/colcon_core/task/python/colcon_distutils_commands:/home/iudc/dobot_ws/install/dobot_vision/lib/python3.12/site-packages:${PYTHONPATH} /usr/bin/python3 -W ignore:setup.py install is deprecated -W ignore:easy_install command is deprecated setup.py develop --editable --build-directory /home/iudc/dobot_ws/build/dobot_vision/build --no-deps symlink_data
