[0.030s] Invoking command in '/home/iudc/dobot_ws/build/cr20_moveit': AMENT_PREFIX_PATH=/home/iudc/dobot_ws/install/dobot_rviz:${AMENT_PREFIX_PATH} CMAKE_PREFIX_PATH=/home/iudc/dobot_ws/install/dobot_rviz:/opt/ros/jazzy/opt/gz_sim_vendor:/opt/ros/jazzy/opt/gz_sensors_vendor:/opt/ros/jazzy/opt/gz_physics_vendor:/opt/ros/jazzy/opt/sdformat_vendor:/opt/ros/jazzy/opt/gz_gui_vendor:/opt/ros/jazzy/opt/gz_transport_vendor:/opt/ros/jazzy/opt/gz_rendering_vendor:/opt/ros/jazzy/opt/gz_plugin_vendor:/opt/ros/jazzy/opt/gz_fuel_tools_vendor:/opt/ros/jazzy/opt/gz_msgs_vendor:/opt/ros/jazzy/opt/gz_common_vendor:/opt/ros/jazzy/opt/gz_math_vendor:/opt/ros/jazzy/opt/gz_utils_vendor:/opt/ros/jazzy/opt/gz_tools_vendor:/opt/ros/jazzy/opt/gz_ogre_next_vendor:/opt/ros/jazzy/opt/gz_dartsim_vendor:/opt/ros/jazzy/opt/gz_cmake_vendor:/opt/ros/jazzy DEBUGINFOD_URLS=https://debuginfod.ubuntu.com /usr/bin/cmake --build /home/iudc/dobot_ws/build/cr20_moveit -- -j24 -l24
[0.098s] Invoked command in '/home/iudc/dobot_ws/build/cr20_moveit' returned '0': AMENT_PREFIX_PATH=/home/iudc/dobot_ws/install/dobot_rviz:${AMENT_PREFIX_PATH} CMAKE_PREFIX_PATH=/home/iudc/dobot_ws/install/dobot_rviz:/opt/ros/jazzy/opt/gz_sim_vendor:/opt/ros/jazzy/opt/gz_sensors_vendor:/opt/ros/jazzy/opt/gz_physics_vendor:/opt/ros/jazzy/opt/sdformat_vendor:/opt/ros/jazzy/opt/gz_gui_vendor:/opt/ros/jazzy/opt/gz_transport_vendor:/opt/ros/jazzy/opt/gz_rendering_vendor:/opt/ros/jazzy/opt/gz_plugin_vendor:/opt/ros/jazzy/opt/gz_fuel_tools_vendor:/opt/ros/jazzy/opt/gz_msgs_vendor:/opt/ros/jazzy/opt/gz_common_vendor:/opt/ros/jazzy/opt/gz_math_vendor:/opt/ros/jazzy/opt/gz_utils_vendor:/opt/ros/jazzy/opt/gz_tools_vendor:/opt/ros/jazzy/opt/gz_ogre_next_vendor:/opt/ros/jazzy/opt/gz_dartsim_vendor:/opt/ros/jazzy/opt/gz_cmake_vendor:/opt/ros/jazzy DEBUGINFOD_URLS=https://debuginfod.ubuntu.com /usr/bin/cmake --build /home/iudc/dobot_ws/build/cr20_moveit -- -j24 -l24
[0.103s] Invoking command in '/home/iudc/dobot_ws/build/cr20_moveit': AMENT_PREFIX_PATH=/home/iudc/dobot_ws/install/dobot_rviz:${AMENT_PREFIX_PATH} CMAKE_PREFIX_PATH=/home/iudc/dobot_ws/install/dobot_rviz:/opt/ros/jazzy/opt/gz_sim_vendor:/opt/ros/jazzy/opt/gz_sensors_vendor:/opt/ros/jazzy/opt/gz_physics_vendor:/opt/ros/jazzy/opt/sdformat_vendor:/opt/ros/jazzy/opt/gz_gui_vendor:/opt/ros/jazzy/opt/gz_transport_vendor:/opt/ros/jazzy/opt/gz_rendering_vendor:/opt/ros/jazzy/opt/gz_plugin_vendor:/opt/ros/jazzy/opt/gz_fuel_tools_vendor:/opt/ros/jazzy/opt/gz_msgs_vendor:/opt/ros/jazzy/opt/gz_common_vendor:/opt/ros/jazzy/opt/gz_math_vendor:/opt/ros/jazzy/opt/gz_utils_vendor:/opt/ros/jazzy/opt/gz_tools_vendor:/opt/ros/jazzy/opt/gz_ogre_next_vendor:/opt/ros/jazzy/opt/gz_dartsim_vendor:/opt/ros/jazzy/opt/gz_cmake_vendor:/opt/ros/jazzy DEBUGINFOD_URLS=https://debuginfod.ubuntu.com /usr/bin/cmake --install /home/iudc/dobot_ws/build/cr20_moveit
[0.123s] -- Install configuration: ""
[0.123s] -- Up-to-date: /home/iudc/dobot_ws/install/cr20_moveit/share/ament_index/resource_index/package_run_dependencies/cr20_moveit
[0.123s] -- Up-to-date: /home/iudc/dobot_ws/install/cr20_moveit/share/ament_index/resource_index/parent_prefix_path/cr20_moveit
[0.123s] -- Up-to-date: /home/iudc/dobot_ws/install/cr20_moveit/share/cr20_moveit/environment/ament_prefix_path.sh
[0.123s] -- Up-to-date: /home/iudc/dobot_ws/install/cr20_moveit/share/cr20_moveit/environment/ament_prefix_path.dsv
[0.123s] -- Up-to-date: /home/iudc/dobot_ws/install/cr20_moveit/share/cr20_moveit/environment/path.sh
[0.123s] -- Up-to-date: /home/iudc/dobot_ws/install/cr20_moveit/share/cr20_moveit/environment/path.dsv
[0.123s] -- Up-to-date: /home/iudc/dobot_ws/install/cr20_moveit/share/cr20_moveit/local_setup.bash
[0.123s] -- Up-to-date: /home/iudc/dobot_ws/install/cr20_moveit/share/cr20_moveit/local_setup.sh
[0.123s] -- Up-to-date: /home/iudc/dobot_ws/install/cr20_moveit/share/cr20_moveit/local_setup.zsh
[0.123s] -- Up-to-date: /home/iudc/dobot_ws/install/cr20_moveit/share/cr20_moveit/local_setup.dsv
[0.123s] -- Installing: /home/iudc/dobot_ws/install/cr20_moveit/share/cr20_moveit/package.dsv
[0.124s] -- Up-to-date: /home/iudc/dobot_ws/install/cr20_moveit/share/ament_index/resource_index/packages/cr20_moveit
[0.125s] -- Up-to-date: /home/iudc/dobot_ws/install/cr20_moveit/share/cr20_moveit/cmake/cr20_moveitConfig.cmake
[0.125s] -- Up-to-date: /home/iudc/dobot_ws/install/cr20_moveit/share/cr20_moveit/cmake/cr20_moveitConfig-version.cmake
[0.125s] -- Up-to-date: /home/iudc/dobot_ws/install/cr20_moveit/share/cr20_moveit/package.xml
[0.128s] -- Up-to-date: /home/iudc/dobot_ws/install/cr20_moveit/share/cr20_moveit/launch
[0.128s] -- Up-to-date: /home/iudc/dobot_ws/install/cr20_moveit/share/cr20_moveit/launch/moveit_rviz.launch.py
[0.128s] -- Up-to-date: /home/iudc/dobot_ws/install/cr20_moveit/share/cr20_moveit/launch/dobot_moveit.launch.py
[0.128s] -- Up-to-date: /home/iudc/dobot_ws/install/cr20_moveit/share/cr20_moveit/launch/setup_assistant.launch.py
[0.128s] -- Up-to-date: /home/iudc/dobot_ws/install/cr20_moveit/share/cr20_moveit/launch/static_virtual_joint_tfs.launch.py
[0.128s] -- Up-to-date: /home/iudc/dobot_ws/install/cr20_moveit/share/cr20_moveit/launch/demo.launch.py
[0.128s] -- Up-to-date: /home/iudc/dobot_ws/install/cr20_moveit/share/cr20_moveit/launch/move_group.launch.py
[0.128s] -- Up-to-date: /home/iudc/dobot_ws/install/cr20_moveit/share/cr20_moveit/launch/warehouse_db.launch.py
[0.128s] -- Up-to-date: /home/iudc/dobot_ws/install/cr20_moveit/share/cr20_moveit/launch/rsp.launch.py
[0.128s] -- Up-to-date: /home/iudc/dobot_ws/install/cr20_moveit/share/cr20_moveit/launch/spawn_controllers.launch.py
[0.128s] -- Up-to-date: /home/iudc/dobot_ws/install/cr20_moveit/share/cr20_moveit/launch/moveit_gazebo.launch.py
[0.129s] -- Up-to-date: /home/iudc/dobot_ws/install/cr20_moveit/share/cr20_moveit/config
[0.129s] -- Up-to-date: /home/iudc/dobot_ws/install/cr20_moveit/share/cr20_moveit/config/cr20_robot.urdf.xacro
[0.129s] -- Up-to-date: /home/iudc/dobot_ws/install/cr20_moveit/share/cr20_moveit/config/pilz_cartesian_limits.yaml
[0.129s] -- Up-to-date: /home/iudc/dobot_ws/install/cr20_moveit/share/cr20_moveit/config/kinematics.yaml
[0.129s] -- Up-to-date: /home/iudc/dobot_ws/install/cr20_moveit/share/cr20_moveit/config/moveit.rviz
[0.129s] -- Up-to-date: /home/iudc/dobot_ws/install/cr20_moveit/share/cr20_moveit/config/ros2_controllers.yaml
[0.129s] -- Up-to-date: /home/iudc/dobot_ws/install/cr20_moveit/share/cr20_moveit/config/cr20_robot.srdf
[0.129s] -- Up-to-date: /home/iudc/dobot_ws/install/cr20_moveit/share/cr20_moveit/config/initial_positions.yaml
[0.129s] -- Up-to-date: /home/iudc/dobot_ws/install/cr20_moveit/share/cr20_moveit/config/cr20_robot.ros2_control.xacro
[0.130s] -- Up-to-date: /home/iudc/dobot_ws/install/cr20_moveit/share/cr20_moveit/config/moveit_controllers.yaml
[0.130s] -- Up-to-date: /home/iudc/dobot_ws/install/cr20_moveit/share/cr20_moveit/config/joint_limits.yaml
[0.130s] -- Up-to-date: /home/iudc/dobot_ws/install/cr20_moveit/share/cr20_moveit/.setup_assistant
[0.254s] Invoked command in '/home/iudc/dobot_ws/build/cr20_moveit' returned '0': AMENT_PREFIX_PATH=/home/iudc/dobot_ws/install/dobot_rviz:${AMENT_PREFIX_PATH} CMAKE_PREFIX_PATH=/home/iudc/dobot_ws/install/dobot_rviz:/opt/ros/jazzy/opt/gz_sim_vendor:/opt/ros/jazzy/opt/gz_sensors_vendor:/opt/ros/jazzy/opt/gz_physics_vendor:/opt/ros/jazzy/opt/sdformat_vendor:/opt/ros/jazzy/opt/gz_gui_vendor:/opt/ros/jazzy/opt/gz_transport_vendor:/opt/ros/jazzy/opt/gz_rendering_vendor:/opt/ros/jazzy/opt/gz_plugin_vendor:/opt/ros/jazzy/opt/gz_fuel_tools_vendor:/opt/ros/jazzy/opt/gz_msgs_vendor:/opt/ros/jazzy/opt/gz_common_vendor:/opt/ros/jazzy/opt/gz_math_vendor:/opt/ros/jazzy/opt/gz_utils_vendor:/opt/ros/jazzy/opt/gz_tools_vendor:/opt/ros/jazzy/opt/gz_ogre_next_vendor:/opt/ros/jazzy/opt/gz_dartsim_vendor:/opt/ros/jazzy/opt/gz_cmake_vendor:/opt/ros/jazzy DEBUGINFOD_URLS=https://debuginfod.ubuntu.com /usr/bin/cmake --install /home/iudc/dobot_ws/build/cr20_moveit
