[0.044s] Invoking command in '/home/iudc/dobot_ws/build/dobot_gazebo': AMENT_PREFIX_PATH=/home/iudc/dobot_ws/install/cra_description:${AMENT_PREFIX_PATH} CMAKE_PREFIX_PATH=/home/iudc/dobot_ws/install/cra_description:/opt/ros/jazzy/opt/gz_sim_vendor:/opt/ros/jazzy/opt/gz_sensors_vendor:/opt/ros/jazzy/opt/gz_physics_vendor:/opt/ros/jazzy/opt/sdformat_vendor:/opt/ros/jazzy/opt/gz_gui_vendor:/opt/ros/jazzy/opt/gz_transport_vendor:/opt/ros/jazzy/opt/gz_rendering_vendor:/opt/ros/jazzy/opt/gz_plugin_vendor:/opt/ros/jazzy/opt/gz_fuel_tools_vendor:/opt/ros/jazzy/opt/gz_msgs_vendor:/opt/ros/jazzy/opt/gz_common_vendor:/opt/ros/jazzy/opt/gz_math_vendor:/opt/ros/jazzy/opt/gz_utils_vendor:/opt/ros/jazzy/opt/gz_tools_vendor:/opt/ros/jazzy/opt/gz_ogre_next_vendor:/opt/ros/jazzy/opt/gz_dartsim_vendor:/opt/ros/jazzy/opt/gz_cmake_vendor:/opt/ros/jazzy DEBUGINFOD_URLS=https://debuginfod.ubuntu.com /usr/bin/cmake --build /home/iudc/dobot_ws/build/dobot_gazebo -- -j24 -l24
[0.217s] Invoked command in '/home/iudc/dobot_ws/build/dobot_gazebo' returned '0': AMENT_PREFIX_PATH=/home/iudc/dobot_ws/install/cra_description:${AMENT_PREFIX_PATH} CMAKE_PREFIX_PATH=/home/iudc/dobot_ws/install/cra_description:/opt/ros/jazzy/opt/gz_sim_vendor:/opt/ros/jazzy/opt/gz_sensors_vendor:/opt/ros/jazzy/opt/gz_physics_vendor:/opt/ros/jazzy/opt/sdformat_vendor:/opt/ros/jazzy/opt/gz_gui_vendor:/opt/ros/jazzy/opt/gz_transport_vendor:/opt/ros/jazzy/opt/gz_rendering_vendor:/opt/ros/jazzy/opt/gz_plugin_vendor:/opt/ros/jazzy/opt/gz_fuel_tools_vendor:/opt/ros/jazzy/opt/gz_msgs_vendor:/opt/ros/jazzy/opt/gz_common_vendor:/opt/ros/jazzy/opt/gz_math_vendor:/opt/ros/jazzy/opt/gz_utils_vendor:/opt/ros/jazzy/opt/gz_tools_vendor:/opt/ros/jazzy/opt/gz_ogre_next_vendor:/opt/ros/jazzy/opt/gz_dartsim_vendor:/opt/ros/jazzy/opt/gz_cmake_vendor:/opt/ros/jazzy DEBUGINFOD_URLS=https://debuginfod.ubuntu.com /usr/bin/cmake --build /home/iudc/dobot_ws/build/dobot_gazebo -- -j24 -l24
[0.217s] Invoking command in '/home/iudc/dobot_ws/build/dobot_gazebo': AMENT_PREFIX_PATH=/home/iudc/dobot_ws/install/cra_description:${AMENT_PREFIX_PATH} CMAKE_PREFIX_PATH=/home/iudc/dobot_ws/install/cra_description:/opt/ros/jazzy/opt/gz_sim_vendor:/opt/ros/jazzy/opt/gz_sensors_vendor:/opt/ros/jazzy/opt/gz_physics_vendor:/opt/ros/jazzy/opt/sdformat_vendor:/opt/ros/jazzy/opt/gz_gui_vendor:/opt/ros/jazzy/opt/gz_transport_vendor:/opt/ros/jazzy/opt/gz_rendering_vendor:/opt/ros/jazzy/opt/gz_plugin_vendor:/opt/ros/jazzy/opt/gz_fuel_tools_vendor:/opt/ros/jazzy/opt/gz_msgs_vendor:/opt/ros/jazzy/opt/gz_common_vendor:/opt/ros/jazzy/opt/gz_math_vendor:/opt/ros/jazzy/opt/gz_utils_vendor:/opt/ros/jazzy/opt/gz_tools_vendor:/opt/ros/jazzy/opt/gz_ogre_next_vendor:/opt/ros/jazzy/opt/gz_dartsim_vendor:/opt/ros/jazzy/opt/gz_cmake_vendor:/opt/ros/jazzy DEBUGINFOD_URLS=https://debuginfod.ubuntu.com /usr/bin/cmake --install /home/iudc/dobot_ws/build/dobot_gazebo
[0.239s] -- Install configuration: ""
[0.239s] -- Up-to-date: /home/iudc/dobot_ws/install/dobot_gazebo/share/dobot_gazebo/launch
[0.239s] -- Up-to-date: /home/iudc/dobot_ws/install/dobot_gazebo/share/dobot_gazebo/launch/dobot_gazebo.launch.py
[0.239s] -- Installing: /home/iudc/dobot_ws/install/dobot_gazebo/share/dobot_gazebo/launch/gazebo_with_camera.launch.py
[0.239s] -- Up-to-date: /home/iudc/dobot_ws/install/dobot_gazebo/share/dobot_gazebo/launch/gazebo_moveit.launch.py
[0.240s] -- Up-to-date: /home/iudc/dobot_ws/install/dobot_gazebo/share/dobot_gazebo/worlds
[0.240s] -- Up-to-date: /home/iudc/dobot_ws/install/dobot_gazebo/share/dobot_gazebo/worlds/cr.sdf
[0.240s] -- Up-to-date: /home/iudc/dobot_ws/install/dobot_gazebo/share/dobot_gazebo/worlds/cr.world
[0.240s] -- Up-to-date: /home/iudc/dobot_ws/install/dobot_gazebo/share/dobot_gazebo/config
[0.240s] -- Up-to-date: /home/iudc/dobot_ws/install/dobot_gazebo/share/dobot_gazebo/config/moveitcpp.rviz
[0.240s] -- Up-to-date: /home/iudc/dobot_ws/install/dobot_gazebo/share/ament_index/resource_index/package_run_dependencies/dobot_gazebo
[0.240s] -- Up-to-date: /home/iudc/dobot_ws/install/dobot_gazebo/share/ament_index/resource_index/parent_prefix_path/dobot_gazebo
[0.240s] -- Up-to-date: /home/iudc/dobot_ws/install/dobot_gazebo/share/dobot_gazebo/environment/ament_prefix_path.sh
[0.240s] -- Up-to-date: /home/iudc/dobot_ws/install/dobot_gazebo/share/dobot_gazebo/environment/ament_prefix_path.dsv
[0.240s] -- Up-to-date: /home/iudc/dobot_ws/install/dobot_gazebo/share/dobot_gazebo/environment/path.sh
[0.240s] -- Up-to-date: /home/iudc/dobot_ws/install/dobot_gazebo/share/dobot_gazebo/environment/path.dsv
[0.240s] -- Up-to-date: /home/iudc/dobot_ws/install/dobot_gazebo/share/dobot_gazebo/local_setup.bash
[0.240s] -- Up-to-date: /home/iudc/dobot_ws/install/dobot_gazebo/share/dobot_gazebo/local_setup.sh
[0.240s] -- Up-to-date: /home/iudc/dobot_ws/install/dobot_gazebo/share/dobot_gazebo/local_setup.zsh
[0.240s] -- Up-to-date: /home/iudc/dobot_ws/install/dobot_gazebo/share/dobot_gazebo/local_setup.dsv
[0.240s] -- Installing: /home/iudc/dobot_ws/install/dobot_gazebo/share/dobot_gazebo/package.dsv
[0.240s] -- Up-to-date: /home/iudc/dobot_ws/install/dobot_gazebo/share/ament_index/resource_index/packages/dobot_gazebo
[0.240s] -- Up-to-date: /home/iudc/dobot_ws/install/dobot_gazebo/share/dobot_gazebo/cmake/dobot_gazeboConfig.cmake
[0.240s] -- Up-to-date: /home/iudc/dobot_ws/install/dobot_gazebo/share/dobot_gazebo/cmake/dobot_gazeboConfig-version.cmake
[0.240s] -- Up-to-date: /home/iudc/dobot_ws/install/dobot_gazebo/share/dobot_gazebo/package.xml
[0.271s] Invoked command in '/home/iudc/dobot_ws/build/dobot_gazebo' returned '0': AMENT_PREFIX_PATH=/home/iudc/dobot_ws/install/cra_description:${AMENT_PREFIX_PATH} CMAKE_PREFIX_PATH=/home/iudc/dobot_ws/install/cra_description:/opt/ros/jazzy/opt/gz_sim_vendor:/opt/ros/jazzy/opt/gz_sensors_vendor:/opt/ros/jazzy/opt/gz_physics_vendor:/opt/ros/jazzy/opt/sdformat_vendor:/opt/ros/jazzy/opt/gz_gui_vendor:/opt/ros/jazzy/opt/gz_transport_vendor:/opt/ros/jazzy/opt/gz_rendering_vendor:/opt/ros/jazzy/opt/gz_plugin_vendor:/opt/ros/jazzy/opt/gz_fuel_tools_vendor:/opt/ros/jazzy/opt/gz_msgs_vendor:/opt/ros/jazzy/opt/gz_common_vendor:/opt/ros/jazzy/opt/gz_math_vendor:/opt/ros/jazzy/opt/gz_utils_vendor:/opt/ros/jazzy/opt/gz_tools_vendor:/opt/ros/jazzy/opt/gz_ogre_next_vendor:/opt/ros/jazzy/opt/gz_dartsim_vendor:/opt/ros/jazzy/opt/gz_cmake_vendor:/opt/ros/jazzy DEBUGINFOD_URLS=https://debuginfod.ubuntu.com /usr/bin/cmake --install /home/iudc/dobot_ws/build/dobot_gazebo
