[0.742s] Invoking command in '/home/iudc/dobot_ws/src/DOBOT_6Axis_ROS2_V4/dobot_demo': DEBUGINFOD_URLS=https://debuginfod.ubuntu.com PYTHONPATH=/home/iudc/dobot_ws/build/dobot_demo/prefix_override:/usr/lib/python3/dist-packages/colcon_core/task/python/colcon_distutils_commands:/home/iudc/dobot_ws/install/dobot_demo/lib/python3.12/site-packages:${PYTHONPATH} /usr/bin/python3 -W ignore:setup.py install is deprecated -W ignore:easy_install command is deprecated setup.py egg_info --egg-base ../../../build/dobot_demo build --build-base /home/iudc/dobot_ws/build/dobot_demo/build install --record /home/iudc/dobot_ws/build/dobot_demo/install.log --single-version-externally-managed install_data
[0.879s] running egg_info
[0.887s] writing ../../../build/dobot_demo/dobot_demo.egg-info/PKG-INFO
[0.888s] writing dependency_links to ../../../build/dobot_demo/dobot_demo.egg-info/dependency_links.txt
[0.888s] writing entry points to ../../../build/dobot_demo/dobot_demo.egg-info/entry_points.txt
[0.888s] writing requirements to ../../../build/dobot_demo/dobot_demo.egg-info/requires.txt
[0.888s] writing top-level names to ../../../build/dobot_demo/dobot_demo.egg-info/top_level.txt
[0.906s] reading manifest file '../../../build/dobot_demo/dobot_demo.egg-info/SOURCES.txt'
[0.906s] writing manifest file '../../../build/dobot_demo/dobot_demo.egg-info/SOURCES.txt'
[0.906s] running build
[0.906s] running build_py
[0.907s] running install
[0.910s] running install_lib
[0.919s] running install_data
[0.919s] running install_egg_info
[0.929s] removing '/home/iudc/dobot_ws/install/dobot_demo/lib/python3.12/site-packages/dobot_demo-0.0.0-py3.12.egg-info' (and everything under it)
[0.929s] Copying ../../../build/dobot_demo/dobot_demo.egg-info to /home/iudc/dobot_ws/install/dobot_demo/lib/python3.12/site-packages/dobot_demo-0.0.0-py3.12.egg-info
[0.930s] running install_scripts
[0.998s] Installing demo script to /home/iudc/dobot_ws/install/dobot_demo/lib/dobot_demo
[0.998s] writing list of installed files to '/home/iudc/dobot_ws/build/dobot_demo/install.log'
[1.018s] Invoked command in '/home/iudc/dobot_ws/src/DOBOT_6Axis_ROS2_V4/dobot_demo' returned '0': DEBUGINFOD_URLS=https://debuginfod.ubuntu.com PYTHONPATH=/home/iudc/dobot_ws/build/dobot_demo/prefix_override:/usr/lib/python3/dist-packages/colcon_core/task/python/colcon_distutils_commands:/home/iudc/dobot_ws/install/dobot_demo/lib/python3.12/site-packages:${PYTHONPATH} /usr/bin/python3 -W ignore:setup.py install is deprecated -W ignore:easy_install command is deprecated setup.py egg_info --egg-base ../../../build/dobot_demo build --build-base /home/iudc/dobot_ws/build/dobot_demo/build install --record /home/iudc/dobot_ws/build/dobot_demo/install.log --single-version-externally-managed install_data
