[0.023s] Invoking command in '/home/iudc/dobot_ws/build/cr3_moveit': AMENT_PREFIX_PATH=/home/iudc/dobot_ws/install/dobot_rviz:${AMENT_PREFIX_PATH} CMAKE_PREFIX_PATH=/home/iudc/dobot_ws/install/dobot_rviz:/opt/ros/jazzy/opt/gz_sim_vendor:/opt/ros/jazzy/opt/gz_sensors_vendor:/opt/ros/jazzy/opt/gz_physics_vendor:/opt/ros/jazzy/opt/sdformat_vendor:/opt/ros/jazzy/opt/gz_gui_vendor:/opt/ros/jazzy/opt/gz_transport_vendor:/opt/ros/jazzy/opt/gz_rendering_vendor:/opt/ros/jazzy/opt/gz_plugin_vendor:/opt/ros/jazzy/opt/gz_fuel_tools_vendor:/opt/ros/jazzy/opt/gz_msgs_vendor:/opt/ros/jazzy/opt/gz_common_vendor:/opt/ros/jazzy/opt/gz_math_vendor:/opt/ros/jazzy/opt/gz_utils_vendor:/opt/ros/jazzy/opt/gz_tools_vendor:/opt/ros/jazzy/opt/gz_ogre_next_vendor:/opt/ros/jazzy/opt/gz_dartsim_vendor:/opt/ros/jazzy/opt/gz_cmake_vendor:/opt/ros/jazzy DEBUGINFOD_URLS=https://debuginfod.ubuntu.com /usr/bin/cmake /home/iudc/dobot_ws/src/DOBOT_6Axis_ROS2_V4/cr3_moveit -DCMAKE_INSTALL_PREFIX=/home/iudc/dobot_ws/install/cr3_moveit
[0.069s] -- The C compiler identification is GNU 13.3.0
[0.115s] -- The CXX compiler identification is GNU 13.3.0
[0.128s] -- Detecting C compiler ABI info
[0.197s] -- Detecting C compiler ABI info - done
[0.205s] -- Check for working C compiler: /usr/bin/cc - skipped
[0.205s] -- Detecting C compile features
[0.205s] -- Detecting C compile features - done
[0.212s] -- Detecting CXX compiler ABI info
[0.301s] -- Detecting CXX compiler ABI info - done
[0.307s] -- Check for working CXX compiler: /usr/bin/c++ - skipped
[0.308s] -- Detecting CXX compile features
[0.308s] -- Detecting CXX compile features - done
[0.311s] -- Found ament_cmake: 2.5.5 (/opt/ros/jazzy/share/ament_cmake/cmake)
[0.414s] -- Found Python3: /usr/bin/python3 (found version "3.12.3") found components: Interpreter 
[0.564s] -- Configuring done (0.5s)
[0.567s] -- Generating done (0.0s)
[0.569s] -- Build files have been written to: /home/iudc/dobot_ws/build/cr3_moveit
[0.572s] Invoked command in '/home/iudc/dobot_ws/build/cr3_moveit' returned '0': AMENT_PREFIX_PATH=/home/iudc/dobot_ws/install/dobot_rviz:${AMENT_PREFIX_PATH} CMAKE_PREFIX_PATH=/home/iudc/dobot_ws/install/dobot_rviz:/opt/ros/jazzy/opt/gz_sim_vendor:/opt/ros/jazzy/opt/gz_sensors_vendor:/opt/ros/jazzy/opt/gz_physics_vendor:/opt/ros/jazzy/opt/sdformat_vendor:/opt/ros/jazzy/opt/gz_gui_vendor:/opt/ros/jazzy/opt/gz_transport_vendor:/opt/ros/jazzy/opt/gz_rendering_vendor:/opt/ros/jazzy/opt/gz_plugin_vendor:/opt/ros/jazzy/opt/gz_fuel_tools_vendor:/opt/ros/jazzy/opt/gz_msgs_vendor:/opt/ros/jazzy/opt/gz_common_vendor:/opt/ros/jazzy/opt/gz_math_vendor:/opt/ros/jazzy/opt/gz_utils_vendor:/opt/ros/jazzy/opt/gz_tools_vendor:/opt/ros/jazzy/opt/gz_ogre_next_vendor:/opt/ros/jazzy/opt/gz_dartsim_vendor:/opt/ros/jazzy/opt/gz_cmake_vendor:/opt/ros/jazzy DEBUGINFOD_URLS=https://debuginfod.ubuntu.com /usr/bin/cmake /home/iudc/dobot_ws/src/DOBOT_6Axis_ROS2_V4/cr3_moveit -DCMAKE_INSTALL_PREFIX=/home/iudc/dobot_ws/install/cr3_moveit
[0.573s] Invoking command in '/home/iudc/dobot_ws/build/cr3_moveit': AMENT_PREFIX_PATH=/home/iudc/dobot_ws/install/dobot_rviz:${AMENT_PREFIX_PATH} CMAKE_PREFIX_PATH=/home/iudc/dobot_ws/install/dobot_rviz:/opt/ros/jazzy/opt/gz_sim_vendor:/opt/ros/jazzy/opt/gz_sensors_vendor:/opt/ros/jazzy/opt/gz_physics_vendor:/opt/ros/jazzy/opt/sdformat_vendor:/opt/ros/jazzy/opt/gz_gui_vendor:/opt/ros/jazzy/opt/gz_transport_vendor:/opt/ros/jazzy/opt/gz_rendering_vendor:/opt/ros/jazzy/opt/gz_plugin_vendor:/opt/ros/jazzy/opt/gz_fuel_tools_vendor:/opt/ros/jazzy/opt/gz_msgs_vendor:/opt/ros/jazzy/opt/gz_common_vendor:/opt/ros/jazzy/opt/gz_math_vendor:/opt/ros/jazzy/opt/gz_utils_vendor:/opt/ros/jazzy/opt/gz_tools_vendor:/opt/ros/jazzy/opt/gz_ogre_next_vendor:/opt/ros/jazzy/opt/gz_dartsim_vendor:/opt/ros/jazzy/opt/gz_cmake_vendor:/opt/ros/jazzy DEBUGINFOD_URLS=https://debuginfod.ubuntu.com /usr/bin/cmake --build /home/iudc/dobot_ws/build/cr3_moveit -- -j24 -l24
[0.617s] Invoked command in '/home/iudc/dobot_ws/build/cr3_moveit' returned '0': AMENT_PREFIX_PATH=/home/iudc/dobot_ws/install/dobot_rviz:${AMENT_PREFIX_PATH} CMAKE_PREFIX_PATH=/home/iudc/dobot_ws/install/dobot_rviz:/opt/ros/jazzy/opt/gz_sim_vendor:/opt/ros/jazzy/opt/gz_sensors_vendor:/opt/ros/jazzy/opt/gz_physics_vendor:/opt/ros/jazzy/opt/sdformat_vendor:/opt/ros/jazzy/opt/gz_gui_vendor:/opt/ros/jazzy/opt/gz_transport_vendor:/opt/ros/jazzy/opt/gz_rendering_vendor:/opt/ros/jazzy/opt/gz_plugin_vendor:/opt/ros/jazzy/opt/gz_fuel_tools_vendor:/opt/ros/jazzy/opt/gz_msgs_vendor:/opt/ros/jazzy/opt/gz_common_vendor:/opt/ros/jazzy/opt/gz_math_vendor:/opt/ros/jazzy/opt/gz_utils_vendor:/opt/ros/jazzy/opt/gz_tools_vendor:/opt/ros/jazzy/opt/gz_ogre_next_vendor:/opt/ros/jazzy/opt/gz_dartsim_vendor:/opt/ros/jazzy/opt/gz_cmake_vendor:/opt/ros/jazzy DEBUGINFOD_URLS=https://debuginfod.ubuntu.com /usr/bin/cmake --build /home/iudc/dobot_ws/build/cr3_moveit -- -j24 -l24
[0.617s] Invoking command in '/home/iudc/dobot_ws/build/cr3_moveit': AMENT_PREFIX_PATH=/home/iudc/dobot_ws/install/dobot_rviz:${AMENT_PREFIX_PATH} CMAKE_PREFIX_PATH=/home/iudc/dobot_ws/install/dobot_rviz:/opt/ros/jazzy/opt/gz_sim_vendor:/opt/ros/jazzy/opt/gz_sensors_vendor:/opt/ros/jazzy/opt/gz_physics_vendor:/opt/ros/jazzy/opt/sdformat_vendor:/opt/ros/jazzy/opt/gz_gui_vendor:/opt/ros/jazzy/opt/gz_transport_vendor:/opt/ros/jazzy/opt/gz_rendering_vendor:/opt/ros/jazzy/opt/gz_plugin_vendor:/opt/ros/jazzy/opt/gz_fuel_tools_vendor:/opt/ros/jazzy/opt/gz_msgs_vendor:/opt/ros/jazzy/opt/gz_common_vendor:/opt/ros/jazzy/opt/gz_math_vendor:/opt/ros/jazzy/opt/gz_utils_vendor:/opt/ros/jazzy/opt/gz_tools_vendor:/opt/ros/jazzy/opt/gz_ogre_next_vendor:/opt/ros/jazzy/opt/gz_dartsim_vendor:/opt/ros/jazzy/opt/gz_cmake_vendor:/opt/ros/jazzy DEBUGINFOD_URLS=https://debuginfod.ubuntu.com /usr/bin/cmake --install /home/iudc/dobot_ws/build/cr3_moveit
[0.628s] -- Install configuration: ""
[0.628s] -- Installing: /home/iudc/dobot_ws/install/cr3_moveit/share/ament_index/resource_index/package_run_dependencies/cr3_moveit
[0.628s] -- Installing: /home/iudc/dobot_ws/install/cr3_moveit/share/ament_index/resource_index/parent_prefix_path/cr3_moveit
[0.628s] -- Installing: /home/iudc/dobot_ws/install/cr3_moveit/share/cr3_moveit/environment/ament_prefix_path.sh
[0.628s] -- Installing: /home/iudc/dobot_ws/install/cr3_moveit/share/cr3_moveit/environment/ament_prefix_path.dsv
[0.628s] -- Installing: /home/iudc/dobot_ws/install/cr3_moveit/share/cr3_moveit/environment/path.sh
[0.628s] -- Installing: /home/iudc/dobot_ws/install/cr3_moveit/share/cr3_moveit/environment/path.dsv
[0.628s] -- Installing: /home/iudc/dobot_ws/install/cr3_moveit/share/cr3_moveit/local_setup.bash
[0.628s] -- Installing: /home/iudc/dobot_ws/install/cr3_moveit/share/cr3_moveit/local_setup.sh
[0.628s] -- Installing: /home/iudc/dobot_ws/install/cr3_moveit/share/cr3_moveit/local_setup.zsh
[0.628s] -- Installing: /home/iudc/dobot_ws/install/cr3_moveit/share/cr3_moveit/local_setup.dsv
[0.628s] -- Installing: /home/iudc/dobot_ws/install/cr3_moveit/share/cr3_moveit/package.dsv
[0.628s] -- Installing: /home/iudc/dobot_ws/install/cr3_moveit/share/ament_index/resource_index/packages/cr3_moveit
[0.628s] -- Installing: /home/iudc/dobot_ws/install/cr3_moveit/share/cr3_moveit/cmake/cr3_moveitConfig.cmake
[0.628s] -- Installing: /home/iudc/dobot_ws/install/cr3_moveit/share/cr3_moveit/cmake/cr3_moveitConfig-version.cmake
[0.628s] -- Installing: /home/iudc/dobot_ws/install/cr3_moveit/share/cr3_moveit/package.xml
[0.628s] -- Installing: /home/iudc/dobot_ws/install/cr3_moveit/share/cr3_moveit/launch
[0.628s] -- Installing: /home/iudc/dobot_ws/install/cr3_moveit/share/cr3_moveit/launch/moveit_rviz.launch.py
[0.628s] -- Installing: /home/iudc/dobot_ws/install/cr3_moveit/share/cr3_moveit/launch/dobot_moveit.launch.py
[0.628s] -- Installing: /home/iudc/dobot_ws/install/cr3_moveit/share/cr3_moveit/launch/setup_assistant.launch.py
[0.628s] -- Installing: /home/iudc/dobot_ws/install/cr3_moveit/share/cr3_moveit/launch/static_virtual_joint_tfs.launch.py
[0.628s] -- Installing: /home/iudc/dobot_ws/install/cr3_moveit/share/cr3_moveit/launch/demo.launch.py
[0.628s] -- Installing: /home/iudc/dobot_ws/install/cr3_moveit/share/cr3_moveit/launch/move_group.launch.py
[0.628s] -- Installing: /home/iudc/dobot_ws/install/cr3_moveit/share/cr3_moveit/launch/warehouse_db.launch.py
[0.628s] -- Installing: /home/iudc/dobot_ws/install/cr3_moveit/share/cr3_moveit/launch/rsp.launch.py
[0.628s] -- Installing: /home/iudc/dobot_ws/install/cr3_moveit/share/cr3_moveit/launch/spawn_controllers.launch.py
[0.628s] -- Installing: /home/iudc/dobot_ws/install/cr3_moveit/share/cr3_moveit/launch/moveit_gazebo.launch.py
[0.628s] -- Installing: /home/iudc/dobot_ws/install/cr3_moveit/share/cr3_moveit/config
[0.629s] -- Installing: /home/iudc/dobot_ws/install/cr3_moveit/share/cr3_moveit/config/pilz_cartesian_limits.yaml
[0.629s] -- Installing: /home/iudc/dobot_ws/install/cr3_moveit/share/cr3_moveit/config/kinematics.yaml
[0.629s] -- Installing: /home/iudc/dobot_ws/install/cr3_moveit/share/cr3_moveit/config/moveit.rviz
[0.629s] -- Installing: /home/iudc/dobot_ws/install/cr3_moveit/share/cr3_moveit/config/ros2_controllers.yaml
[0.629s] -- Installing: /home/iudc/dobot_ws/install/cr3_moveit/share/cr3_moveit/config/cr3_robot.urdf.xacro
[0.629s] -- Installing: /home/iudc/dobot_ws/install/cr3_moveit/share/cr3_moveit/config/cr3_robot.ros2_control.xacro
[0.629s] -- Installing: /home/iudc/dobot_ws/install/cr3_moveit/share/cr3_moveit/config/initial_positions.yaml
[0.629s] -- Installing: /home/iudc/dobot_ws/install/cr3_moveit/share/cr3_moveit/config/cr3_robot.srdf
[0.629s] -- Installing: /home/iudc/dobot_ws/install/cr3_moveit/share/cr3_moveit/config/moveit_controllers.yaml
[0.629s] -- Installing: /home/iudc/dobot_ws/install/cr3_moveit/share/cr3_moveit/config/joint_limits.yaml
[0.629s] -- Installing: /home/iudc/dobot_ws/install/cr3_moveit/share/cr3_moveit/.setup_assistant
[0.655s] Invoked command in '/home/iudc/dobot_ws/build/cr3_moveit' returned '0': AMENT_PREFIX_PATH=/home/iudc/dobot_ws/install/dobot_rviz:${AMENT_PREFIX_PATH} CMAKE_PREFIX_PATH=/home/iudc/dobot_ws/install/dobot_rviz:/opt/ros/jazzy/opt/gz_sim_vendor:/opt/ros/jazzy/opt/gz_sensors_vendor:/opt/ros/jazzy/opt/gz_physics_vendor:/opt/ros/jazzy/opt/sdformat_vendor:/opt/ros/jazzy/opt/gz_gui_vendor:/opt/ros/jazzy/opt/gz_transport_vendor:/opt/ros/jazzy/opt/gz_rendering_vendor:/opt/ros/jazzy/opt/gz_plugin_vendor:/opt/ros/jazzy/opt/gz_fuel_tools_vendor:/opt/ros/jazzy/opt/gz_msgs_vendor:/opt/ros/jazzy/opt/gz_common_vendor:/opt/ros/jazzy/opt/gz_math_vendor:/opt/ros/jazzy/opt/gz_utils_vendor:/opt/ros/jazzy/opt/gz_tools_vendor:/opt/ros/jazzy/opt/gz_ogre_next_vendor:/opt/ros/jazzy/opt/gz_dartsim_vendor:/opt/ros/jazzy/opt/gz_cmake_vendor:/opt/ros/jazzy DEBUGINFOD_URLS=https://debuginfod.ubuntu.com /usr/bin/cmake --install /home/iudc/dobot_ws/build/cr3_moveit
