[0.668s] Invoking command in '/home/iudc/dobot_ws/src/DOBOT_6Axis_ROS2_V4/dobot_demo': DEBUGINFOD_URLS=https://debuginfod.ubuntu.com PYTHONPATH=/home/iudc/dobot_ws/build/dobot_demo/prefix_override:/usr/lib/python3/dist-packages/colcon_core/task/python/colcon_distutils_commands:/home/iudc/dobot_ws/install/dobot_demo/lib/python3.12/site-packages:${PYTHONPATH} /usr/bin/python3 -W ignore:setup.py install is deprecated -W ignore:easy_install command is deprecated setup.py egg_info --egg-base ../../../build/dobot_demo build --build-base /home/iudc/dobot_ws/build/dobot_demo/build install --record /home/iudc/dobot_ws/build/dobot_demo/install.log --single-version-externally-managed install_data
[0.836s] running egg_info
[0.836s] creating ../../../build/dobot_demo/dobot_demo.egg-info
[0.848s] writing ../../../build/dobot_demo/dobot_demo.egg-info/PKG-INFO
[0.848s] writing dependency_links to ../../../build/dobot_demo/dobot_demo.egg-info/dependency_links.txt
[0.848s] writing entry points to ../../../build/dobot_demo/dobot_demo.egg-info/entry_points.txt
[0.848s] writing requirements to ../../../build/dobot_demo/dobot_demo.egg-info/requires.txt
[0.849s] writing top-level names to ../../../build/dobot_demo/dobot_demo.egg-info/top_level.txt
[0.849s] writing manifest file '../../../build/dobot_demo/dobot_demo.egg-info/SOURCES.txt'
[0.872s] reading manifest file '../../../build/dobot_demo/dobot_demo.egg-info/SOURCES.txt'
[0.873s] writing manifest file '../../../build/dobot_demo/dobot_demo.egg-info/SOURCES.txt'
[0.873s] running build
[0.873s] running build_py
[0.873s] creating /home/iudc/dobot_ws/build/dobot_demo/build
[0.873s] creating /home/iudc/dobot_ws/build/dobot_demo/build/lib
[0.873s] creating /home/iudc/dobot_ws/build/dobot_demo/build/lib/dobot_demo
[0.873s] copying dobot_demo/demo.py -> /home/iudc/dobot_ws/build/dobot_demo/build/lib/dobot_demo
[0.874s] copying dobot_demo/__init__.py -> /home/iudc/dobot_ws/build/dobot_demo/build/lib/dobot_demo
[0.874s] running install
[0.878s] running install_lib
[0.888s] creating /home/iudc/dobot_ws/install/dobot_demo/lib/python3.12/site-packages/dobot_demo
[0.888s] copying /home/iudc/dobot_ws/build/dobot_demo/build/lib/dobot_demo/demo.py -> /home/iudc/dobot_ws/install/dobot_demo/lib/python3.12/site-packages/dobot_demo
[0.888s] copying /home/iudc/dobot_ws/build/dobot_demo/build/lib/dobot_demo/__init__.py -> /home/iudc/dobot_ws/install/dobot_demo/lib/python3.12/site-packages/dobot_demo
[0.889s] byte-compiling /home/iudc/dobot_ws/install/dobot_demo/lib/python3.12/site-packages/dobot_demo/demo.py to demo.cpython-312.pyc
[0.889s] byte-compiling /home/iudc/dobot_ws/install/dobot_demo/lib/python3.12/site-packages/dobot_demo/__init__.py to __init__.cpython-312.pyc
[0.890s] running install_data
[0.890s] creating /home/iudc/dobot_ws/install/dobot_demo/share/ament_index
[0.890s] creating /home/iudc/dobot_ws/install/dobot_demo/share/ament_index/resource_index
[0.890s] creating /home/iudc/dobot_ws/install/dobot_demo/share/ament_index/resource_index/packages
[0.890s] copying resource/dobot_demo -> /home/iudc/dobot_ws/install/dobot_demo/share/ament_index/resource_index/packages
[0.890s] copying package.xml -> /home/iudc/dobot_ws/install/dobot_demo/share/dobot_demo
[0.890s] running install_egg_info
[0.902s] Copying ../../../build/dobot_demo/dobot_demo.egg-info to /home/iudc/dobot_ws/install/dobot_demo/lib/python3.12/site-packages/dobot_demo-0.0.0-py3.12.egg-info
[0.902s] running install_scripts
[0.989s] Installing demo script to /home/iudc/dobot_ws/install/dobot_demo/lib/dobot_demo
[0.990s] writing list of installed files to '/home/iudc/dobot_ws/build/dobot_demo/install.log'
[1.017s] Invoked command in '/home/iudc/dobot_ws/src/DOBOT_6Axis_ROS2_V4/dobot_demo' returned '0': DEBUGINFOD_URLS=https://debuginfod.ubuntu.com PYTHONPATH=/home/iudc/dobot_ws/build/dobot_demo/prefix_override:/usr/lib/python3/dist-packages/colcon_core/task/python/colcon_distutils_commands:/home/iudc/dobot_ws/install/dobot_demo/lib/python3.12/site-packages:${PYTHONPATH} /usr/bin/python3 -W ignore:setup.py install is deprecated -W ignore:easy_install command is deprecated setup.py egg_info --egg-base ../../../build/dobot_demo build --build-base /home/iudc/dobot_ws/build/dobot_demo/build install --record /home/iudc/dobot_ws/build/dobot_demo/install.log --single-version-externally-managed install_data
