/home/iudc/dobot_ws/install/dobot_moveit/lib/python3.12/site-packages/dobot_moveit/action_move_server.py
/home/iudc/dobot_ws/install/dobot_moveit/lib/python3.12/site-packages/dobot_moveit/joint_states.py
/home/iudc/dobot_ws/install/dobot_moveit/lib/python3.12/site-packages/dobot_moveit/__init__.py
/home/iudc/dobot_ws/install/dobot_moveit/lib/python3.12/site-packages/dobot_moveit/__pycache__/action_move_server.cpython-312.pyc
/home/iudc/dobot_ws/install/dobot_moveit/lib/python3.12/site-packages/dobot_moveit/__pycache__/joint_states.cpython-312.pyc
/home/iudc/dobot_ws/install/dobot_moveit/lib/python3.12/site-packages/dobot_moveit/__pycache__/__init__.cpython-312.pyc
/home/iudc/dobot_ws/install/dobot_moveit/share/ament_index/resource_index/packages/dobot_moveit
/home/iudc/dobot_ws/install/dobot_moveit/share/dobot_moveit/package.xml
/home/iudc/dobot_ws/install/dobot_moveit/share/dobot_moveit/launch/moveit_demo.launch.py
/home/iudc/dobot_ws/install/dobot_moveit/share/dobot_moveit/launch/dobot_moveit.launch.py
/home/iudc/dobot_ws/install/dobot_moveit/share/dobot_moveit/launch/dobot_joint.launch.py
/home/iudc/dobot_ws/install/dobot_moveit/share/dobot_moveit/launch/moveit_gazebo.launch.py
/home/iudc/dobot_ws/install/dobot_moveit/lib/python3.12/site-packages/dobot_moveit-0.0.0-py3.12.egg-info/PKG-INFO
/home/iudc/dobot_ws/install/dobot_moveit/lib/python3.12/site-packages/dobot_moveit-0.0.0-py3.12.egg-info/zip-safe
/home/iudc/dobot_ws/install/dobot_moveit/lib/python3.12/site-packages/dobot_moveit-0.0.0-py3.12.egg-info/entry_points.txt
/home/iudc/dobot_ws/install/dobot_moveit/lib/python3.12/site-packages/dobot_moveit-0.0.0-py3.12.egg-info/SOURCES.txt
/home/iudc/dobot_ws/install/dobot_moveit/lib/python3.12/site-packages/dobot_moveit-0.0.0-py3.12.egg-info/dependency_links.txt
/home/iudc/dobot_ws/install/dobot_moveit/lib/python3.12/site-packages/dobot_moveit-0.0.0-py3.12.egg-info/top_level.txt
/home/iudc/dobot_ws/install/dobot_moveit/lib/python3.12/site-packages/dobot_moveit-0.0.0-py3.12.egg-info/requires.txt
/home/iudc/dobot_ws/install/dobot_moveit/lib/dobot_moveit/action_move_server
/home/iudc/dobot_ws/install/dobot_moveit/lib/dobot_moveit/joint_states
