[0.756s] Invoking command in '/home/iudc/dobot_ws/src/DOBOT_6Axis_ROS2_V4/servo_action': DEBUGINFOD_URLS=https://debuginfod.ubuntu.com PYTHONPATH=/home/iudc/dobot_ws/build/servo_action/prefix_override:/usr/lib/python3/dist-packages/colcon_core/task/python/colcon_distutils_commands:/home/iudc/dobot_ws/install/servo_action/lib/python3.12/site-packages:${PYTHONPATH} /usr/bin/python3 -W ignore:setup.py install is deprecated -W ignore:easy_install command is deprecated setup.py egg_info --egg-base ../../../build/servo_action build --build-base /home/iudc/dobot_ws/build/servo_action/build install --record /home/iudc/dobot_ws/build/servo_action/install.log --single-version-externally-managed install_data
[0.866s] running egg_info
[0.875s] writing ../../../build/servo_action/servo_action.egg-info/PKG-INFO
[0.875s] writing dependency_links to ../../../build/servo_action/servo_action.egg-info/dependency_links.txt
[0.875s] writing entry points to ../../../build/servo_action/servo_action.egg-info/entry_points.txt
[0.875s] writing requirements to ../../../build/servo_action/servo_action.egg-info/requires.txt
[0.875s] writing top-level names to ../../../build/servo_action/servo_action.egg-info/top_level.txt
[0.893s] reading manifest file '../../../build/servo_action/servo_action.egg-info/SOURCES.txt'
[0.893s] writing manifest file '../../../build/servo_action/servo_action.egg-info/SOURCES.txt'
[0.893s] running build
[0.893s] running build_py
[0.893s] running install
[0.896s] running install_lib
[0.905s] running install_data
[0.906s] running install_egg_info
[0.915s] removing '/home/iudc/dobot_ws/install/servo_action/lib/python3.12/site-packages/servo_action-0.0.0-py3.12.egg-info' (and everything under it)
[0.915s] Copying ../../../build/servo_action/servo_action.egg-info to /home/iudc/dobot_ws/install/servo_action/lib/python3.12/site-packages/servo_action-0.0.0-py3.12.egg-info
[0.916s] running install_scripts
[0.983s] Installing Joint_Position script to /home/iudc/dobot_ws/install/servo_action/lib/servo_action
[0.983s] Installing action_move_client script to /home/iudc/dobot_ws/install/servo_action/lib/servo_action
[0.983s] writing list of installed files to '/home/iudc/dobot_ws/build/servo_action/install.log'
[0.996s] Invoked command in '/home/iudc/dobot_ws/src/DOBOT_6Axis_ROS2_V4/servo_action' returned '0': DEBUGINFOD_URLS=https://debuginfod.ubuntu.com PYTHONPATH=/home/iudc/dobot_ws/build/servo_action/prefix_override:/usr/lib/python3/dist-packages/colcon_core/task/python/colcon_distutils_commands:/home/iudc/dobot_ws/install/servo_action/lib/python3.12/site-packages:${PYTHONPATH} /usr/bin/python3 -W ignore:setup.py install is deprecated -W ignore:easy_install command is deprecated setup.py egg_info --egg-base ../../../build/servo_action build --build-base /home/iudc/dobot_ws/build/servo_action/build install --record /home/iudc/dobot_ws/build/servo_action/install.log --single-version-externally-managed install_data
