[0.014s] Invoking command in '/home/iudc/dobot_ws/build/cr_robot_ros2': AMENT_PREFIX_PATH=/home/iudc/dobot_ws/install/dobot_msgs_v4:${AMENT_PREFIX_PATH} CMAKE_PREFIX_PATH=/home/iudc/dobot_ws/install/dobot_msgs_v4:/opt/ros/jazzy/opt/gz_sim_vendor:/opt/ros/jazzy/opt/gz_sensors_vendor:/opt/ros/jazzy/opt/gz_physics_vendor:/opt/ros/jazzy/opt/sdformat_vendor:/opt/ros/jazzy/opt/gz_gui_vendor:/opt/ros/jazzy/opt/gz_transport_vendor:/opt/ros/jazzy/opt/gz_rendering_vendor:/opt/ros/jazzy/opt/gz_plugin_vendor:/opt/ros/jazzy/opt/gz_fuel_tools_vendor:/opt/ros/jazzy/opt/gz_msgs_vendor:/opt/ros/jazzy/opt/gz_common_vendor:/opt/ros/jazzy/opt/gz_math_vendor:/opt/ros/jazzy/opt/gz_utils_vendor:/opt/ros/jazzy/opt/gz_tools_vendor:/opt/ros/jazzy/opt/gz_ogre_next_vendor:/opt/ros/jazzy/opt/gz_dartsim_vendor:/opt/ros/jazzy/opt/gz_cmake_vendor:/opt/ros/jazzy DEBUGINFOD_URLS=https://debuginfod.ubuntu.com LD_LIBRARY_PATH=/home/iudc/dobot_ws/install/dobot_msgs_v4/lib:${LD_LIBRARY_PATH} PYTHONPATH=/home/iudc/dobot_ws/install/dobot_msgs_v4/lib/python3.12/site-packages:${PYTHONPATH} /usr/bin/cmake --build /home/iudc/dobot_ws/build/cr_robot_ros2 -- -j24 -l24
[0.073s] [100%] Built target cr_robot_ros2_node
[0.083s] Invoked command in '/home/iudc/dobot_ws/build/cr_robot_ros2' returned '0': AMENT_PREFIX_PATH=/home/iudc/dobot_ws/install/dobot_msgs_v4:${AMENT_PREFIX_PATH} CMAKE_PREFIX_PATH=/home/iudc/dobot_ws/install/dobot_msgs_v4:/opt/ros/jazzy/opt/gz_sim_vendor:/opt/ros/jazzy/opt/gz_sensors_vendor:/opt/ros/jazzy/opt/gz_physics_vendor:/opt/ros/jazzy/opt/sdformat_vendor:/opt/ros/jazzy/opt/gz_gui_vendor:/opt/ros/jazzy/opt/gz_transport_vendor:/opt/ros/jazzy/opt/gz_rendering_vendor:/opt/ros/jazzy/opt/gz_plugin_vendor:/opt/ros/jazzy/opt/gz_fuel_tools_vendor:/opt/ros/jazzy/opt/gz_msgs_vendor:/opt/ros/jazzy/opt/gz_common_vendor:/opt/ros/jazzy/opt/gz_math_vendor:/opt/ros/jazzy/opt/gz_utils_vendor:/opt/ros/jazzy/opt/gz_tools_vendor:/opt/ros/jazzy/opt/gz_ogre_next_vendor:/opt/ros/jazzy/opt/gz_dartsim_vendor:/opt/ros/jazzy/opt/gz_cmake_vendor:/opt/ros/jazzy DEBUGINFOD_URLS=https://debuginfod.ubuntu.com LD_LIBRARY_PATH=/home/iudc/dobot_ws/install/dobot_msgs_v4/lib:${LD_LIBRARY_PATH} PYTHONPATH=/home/iudc/dobot_ws/install/dobot_msgs_v4/lib/python3.12/site-packages:${PYTHONPATH} /usr/bin/cmake --build /home/iudc/dobot_ws/build/cr_robot_ros2 -- -j24 -l24
[0.084s] Invoking command in '/home/iudc/dobot_ws/build/cr_robot_ros2': AMENT_PREFIX_PATH=/home/iudc/dobot_ws/install/dobot_msgs_v4:${AMENT_PREFIX_PATH} CMAKE_PREFIX_PATH=/home/iudc/dobot_ws/install/dobot_msgs_v4:/opt/ros/jazzy/opt/gz_sim_vendor:/opt/ros/jazzy/opt/gz_sensors_vendor:/opt/ros/jazzy/opt/gz_physics_vendor:/opt/ros/jazzy/opt/sdformat_vendor:/opt/ros/jazzy/opt/gz_gui_vendor:/opt/ros/jazzy/opt/gz_transport_vendor:/opt/ros/jazzy/opt/gz_rendering_vendor:/opt/ros/jazzy/opt/gz_plugin_vendor:/opt/ros/jazzy/opt/gz_fuel_tools_vendor:/opt/ros/jazzy/opt/gz_msgs_vendor:/opt/ros/jazzy/opt/gz_common_vendor:/opt/ros/jazzy/opt/gz_math_vendor:/opt/ros/jazzy/opt/gz_utils_vendor:/opt/ros/jazzy/opt/gz_tools_vendor:/opt/ros/jazzy/opt/gz_ogre_next_vendor:/opt/ros/jazzy/opt/gz_dartsim_vendor:/opt/ros/jazzy/opt/gz_cmake_vendor:/opt/ros/jazzy DEBUGINFOD_URLS=https://debuginfod.ubuntu.com LD_LIBRARY_PATH=/home/iudc/dobot_ws/install/dobot_msgs_v4/lib:${LD_LIBRARY_PATH} PYTHONPATH=/home/iudc/dobot_ws/install/dobot_msgs_v4/lib/python3.12/site-packages:${PYTHONPATH} /usr/bin/cmake --install /home/iudc/dobot_ws/build/cr_robot_ros2
[0.091s] -- Install configuration: ""
[0.091s] -- Up-to-date: /home/iudc/dobot_ws/install/cr_robot_ros2/lib/cr_robot_ros2/cr_robot_ros2_node
[0.091s] -- Up-to-date: /home/iudc/dobot_ws/install/cr_robot_ros2/share/cr_robot_ros2/launch
[0.091s] -- Up-to-date: /home/iudc/dobot_ws/install/cr_robot_ros2/share/cr_robot_ros2/launch/dobot_bringup_ros2.launch.py
[0.091s] -- Up-to-date: /home/iudc/dobot_ws/install/cr_robot_ros2/share/cr_robot_ros2/config
[0.091s] -- Up-to-date: /home/iudc/dobot_ws/install/cr_robot_ros2/share/cr_robot_ros2/config/param.json
[0.091s] -- Up-to-date: /home/iudc/dobot_ws/install/cr_robot_ros2/share/ament_index/resource_index/package_run_dependencies/cr_robot_ros2
[0.091s] -- Up-to-date: /home/iudc/dobot_ws/install/cr_robot_ros2/share/ament_index/resource_index/parent_prefix_path/cr_robot_ros2
[0.091s] -- Up-to-date: /home/iudc/dobot_ws/install/cr_robot_ros2/share/cr_robot_ros2/environment/ament_prefix_path.sh
[0.091s] -- Up-to-date: /home/iudc/dobot_ws/install/cr_robot_ros2/share/cr_robot_ros2/environment/ament_prefix_path.dsv
[0.092s] -- Up-to-date: /home/iudc/dobot_ws/install/cr_robot_ros2/share/cr_robot_ros2/environment/path.sh
[0.092s] -- Up-to-date: /home/iudc/dobot_ws/install/cr_robot_ros2/share/cr_robot_ros2/environment/path.dsv
[0.092s] -- Up-to-date: /home/iudc/dobot_ws/install/cr_robot_ros2/share/cr_robot_ros2/local_setup.bash
[0.092s] -- Up-to-date: /home/iudc/dobot_ws/install/cr_robot_ros2/share/cr_robot_ros2/local_setup.sh
[0.092s] -- Up-to-date: /home/iudc/dobot_ws/install/cr_robot_ros2/share/cr_robot_ros2/local_setup.zsh
[0.092s] -- Up-to-date: /home/iudc/dobot_ws/install/cr_robot_ros2/share/cr_robot_ros2/local_setup.dsv
[0.092s] -- Installing: /home/iudc/dobot_ws/install/cr_robot_ros2/share/cr_robot_ros2/package.dsv
[0.092s] -- Up-to-date: /home/iudc/dobot_ws/install/cr_robot_ros2/share/ament_index/resource_index/packages/cr_robot_ros2
[0.092s] -- Up-to-date: /home/iudc/dobot_ws/install/cr_robot_ros2/share/cr_robot_ros2/cmake/cr_robot_ros2Config.cmake
[0.092s] -- Up-to-date: /home/iudc/dobot_ws/install/cr_robot_ros2/share/cr_robot_ros2/cmake/cr_robot_ros2Config-version.cmake
[0.092s] -- Up-to-date: /home/iudc/dobot_ws/install/cr_robot_ros2/share/cr_robot_ros2/package.xml
[0.093s] Invoked command in '/home/iudc/dobot_ws/build/cr_robot_ros2' returned '0': AMENT_PREFIX_PATH=/home/iudc/dobot_ws/install/dobot_msgs_v4:${AMENT_PREFIX_PATH} CMAKE_PREFIX_PATH=/home/iudc/dobot_ws/install/dobot_msgs_v4:/opt/ros/jazzy/opt/gz_sim_vendor:/opt/ros/jazzy/opt/gz_sensors_vendor:/opt/ros/jazzy/opt/gz_physics_vendor:/opt/ros/jazzy/opt/sdformat_vendor:/opt/ros/jazzy/opt/gz_gui_vendor:/opt/ros/jazzy/opt/gz_transport_vendor:/opt/ros/jazzy/opt/gz_rendering_vendor:/opt/ros/jazzy/opt/gz_plugin_vendor:/opt/ros/jazzy/opt/gz_fuel_tools_vendor:/opt/ros/jazzy/opt/gz_msgs_vendor:/opt/ros/jazzy/opt/gz_common_vendor:/opt/ros/jazzy/opt/gz_math_vendor:/opt/ros/jazzy/opt/gz_utils_vendor:/opt/ros/jazzy/opt/gz_tools_vendor:/opt/ros/jazzy/opt/gz_ogre_next_vendor:/opt/ros/jazzy/opt/gz_dartsim_vendor:/opt/ros/jazzy/opt/gz_cmake_vendor:/opt/ros/jazzy DEBUGINFOD_URLS=https://debuginfod.ubuntu.com LD_LIBRARY_PATH=/home/iudc/dobot_ws/install/dobot_msgs_v4/lib:${LD_LIBRARY_PATH} PYTHONPATH=/home/iudc/dobot_ws/install/dobot_msgs_v4/lib/python3.12/site-packages:${PYTHONPATH} /usr/bin/cmake --install /home/iudc/dobot_ws/build/cr_robot_ros2
