[0.026s] Invoking command in '/home/iudc/dobot_ws/build/nova2_moveit': CMAKE_PREFIX_PATH=/home/iudc/dobot_ws/install/dobot_rviz:/home/iudc/dobot_ws/install/nova5_moveit:/home/iudc/dobot_ws/install/nova2_moveit:/home/iudc/dobot_ws/install/me6_moveit:/home/iudc/dobot_ws/install/cr7_moveit:/home/iudc/dobot_ws/install/cr5_moveit:/home/iudc/dobot_ws/install/cr3_moveit:/home/iudc/dobot_ws/install/cr30h_moveit:/home/iudc/dobot_ws/install/cr20_moveit:/home/iudc/dobot_ws/install/cr16_moveit:/home/iudc/dobot_ws/install/cr12_moveit:/home/iudc/dobot_ws/install/cr10_moveit:/home/iudc/dobot_ws/install/cr_robot_ros2:/home/iudc/dobot_ws/install/dobot_msgs_v4:/home/iudc/dobot_ws/install/dobot_gazebo:/home/iudc/dobot_ws/install/cra_description:/opt/ros/jazzy/opt/gz_sim_vendor:/opt/ros/jazzy/opt/gz_sensors_vendor:/opt/ros/jazzy/opt/gz_physics_vendor:/opt/ros/jazzy/opt/sdformat_vendor:/opt/ros/jazzy/opt/gz_gui_vendor:/opt/ros/jazzy/opt/gz_transport_vendor:/opt/ros/jazzy/opt/gz_rendering_vendor:/opt/ros/jazzy/opt/gz_plugin_vendor:/opt/ros/jazzy/opt/gz_fuel_tools_vendor:/opt/ros/jazzy/opt/gz_msgs_vendor:/opt/ros/jazzy/opt/gz_common_vendor:/opt/ros/jazzy/opt/gz_math_vendor:/opt/ros/jazzy/opt/gz_utils_vendor:/opt/ros/jazzy/opt/gz_tools_vendor:/opt/ros/jazzy/opt/gz_ogre_next_vendor:/opt/ros/jazzy/opt/gz_dartsim_vendor:/opt/ros/jazzy/opt/gz_cmake_vendor:/home/iudc/dobot_ws/install/servo_action:/home/iudc/dobot_ws/install/dobot_moveit:/home/iudc/dobot_ws/install/dobot_demo:/opt/ros/jazzy DEBUGINFOD_URLS=https://debuginfod.ubuntu.com /usr/bin/cmake --build /home/iudc/dobot_ws/build/nova2_moveit -- -j24 -l24
[0.227s] Invoked command in '/home/iudc/dobot_ws/build/nova2_moveit' returned '0': CMAKE_PREFIX_PATH=/home/iudc/dobot_ws/install/dobot_rviz:/home/iudc/dobot_ws/install/nova5_moveit:/home/iudc/dobot_ws/install/nova2_moveit:/home/iudc/dobot_ws/install/me6_moveit:/home/iudc/dobot_ws/install/cr7_moveit:/home/iudc/dobot_ws/install/cr5_moveit:/home/iudc/dobot_ws/install/cr3_moveit:/home/iudc/dobot_ws/install/cr30h_moveit:/home/iudc/dobot_ws/install/cr20_moveit:/home/iudc/dobot_ws/install/cr16_moveit:/home/iudc/dobot_ws/install/cr12_moveit:/home/iudc/dobot_ws/install/cr10_moveit:/home/iudc/dobot_ws/install/cr_robot_ros2:/home/iudc/dobot_ws/install/dobot_msgs_v4:/home/iudc/dobot_ws/install/dobot_gazebo:/home/iudc/dobot_ws/install/cra_description:/opt/ros/jazzy/opt/gz_sim_vendor:/opt/ros/jazzy/opt/gz_sensors_vendor:/opt/ros/jazzy/opt/gz_physics_vendor:/opt/ros/jazzy/opt/sdformat_vendor:/opt/ros/jazzy/opt/gz_gui_vendor:/opt/ros/jazzy/opt/gz_transport_vendor:/opt/ros/jazzy/opt/gz_rendering_vendor:/opt/ros/jazzy/opt/gz_plugin_vendor:/opt/ros/jazzy/opt/gz_fuel_tools_vendor:/opt/ros/jazzy/opt/gz_msgs_vendor:/opt/ros/jazzy/opt/gz_common_vendor:/opt/ros/jazzy/opt/gz_math_vendor:/opt/ros/jazzy/opt/gz_utils_vendor:/opt/ros/jazzy/opt/gz_tools_vendor:/opt/ros/jazzy/opt/gz_ogre_next_vendor:/opt/ros/jazzy/opt/gz_dartsim_vendor:/opt/ros/jazzy/opt/gz_cmake_vendor:/home/iudc/dobot_ws/install/servo_action:/home/iudc/dobot_ws/install/dobot_moveit:/home/iudc/dobot_ws/install/dobot_demo:/opt/ros/jazzy DEBUGINFOD_URLS=https://debuginfod.ubuntu.com /usr/bin/cmake --build /home/iudc/dobot_ws/build/nova2_moveit -- -j24 -l24
[0.228s] Invoking command in '/home/iudc/dobot_ws/build/nova2_moveit': CMAKE_PREFIX_PATH=/home/iudc/dobot_ws/install/dobot_rviz:/home/iudc/dobot_ws/install/nova5_moveit:/home/iudc/dobot_ws/install/nova2_moveit:/home/iudc/dobot_ws/install/me6_moveit:/home/iudc/dobot_ws/install/cr7_moveit:/home/iudc/dobot_ws/install/cr5_moveit:/home/iudc/dobot_ws/install/cr3_moveit:/home/iudc/dobot_ws/install/cr30h_moveit:/home/iudc/dobot_ws/install/cr20_moveit:/home/iudc/dobot_ws/install/cr16_moveit:/home/iudc/dobot_ws/install/cr12_moveit:/home/iudc/dobot_ws/install/cr10_moveit:/home/iudc/dobot_ws/install/cr_robot_ros2:/home/iudc/dobot_ws/install/dobot_msgs_v4:/home/iudc/dobot_ws/install/dobot_gazebo:/home/iudc/dobot_ws/install/cra_description:/opt/ros/jazzy/opt/gz_sim_vendor:/opt/ros/jazzy/opt/gz_sensors_vendor:/opt/ros/jazzy/opt/gz_physics_vendor:/opt/ros/jazzy/opt/sdformat_vendor:/opt/ros/jazzy/opt/gz_gui_vendor:/opt/ros/jazzy/opt/gz_transport_vendor:/opt/ros/jazzy/opt/gz_rendering_vendor:/opt/ros/jazzy/opt/gz_plugin_vendor:/opt/ros/jazzy/opt/gz_fuel_tools_vendor:/opt/ros/jazzy/opt/gz_msgs_vendor:/opt/ros/jazzy/opt/gz_common_vendor:/opt/ros/jazzy/opt/gz_math_vendor:/opt/ros/jazzy/opt/gz_utils_vendor:/opt/ros/jazzy/opt/gz_tools_vendor:/opt/ros/jazzy/opt/gz_ogre_next_vendor:/opt/ros/jazzy/opt/gz_dartsim_vendor:/opt/ros/jazzy/opt/gz_cmake_vendor:/home/iudc/dobot_ws/install/servo_action:/home/iudc/dobot_ws/install/dobot_moveit:/home/iudc/dobot_ws/install/dobot_demo:/opt/ros/jazzy DEBUGINFOD_URLS=https://debuginfod.ubuntu.com /usr/bin/cmake --install /home/iudc/dobot_ws/build/nova2_moveit
[0.238s] -- Install configuration: ""
[0.238s] -- Up-to-date: /home/iudc/dobot_ws/install/nova2_moveit/share/ament_index/resource_index/package_run_dependencies/nova2_moveit
[0.238s] -- Up-to-date: /home/iudc/dobot_ws/install/nova2_moveit/share/ament_index/resource_index/parent_prefix_path/nova2_moveit
[0.238s] -- Up-to-date: /home/iudc/dobot_ws/install/nova2_moveit/share/nova2_moveit/environment/ament_prefix_path.sh
[0.238s] -- Up-to-date: /home/iudc/dobot_ws/install/nova2_moveit/share/nova2_moveit/environment/ament_prefix_path.dsv
[0.238s] -- Up-to-date: /home/iudc/dobot_ws/install/nova2_moveit/share/nova2_moveit/environment/path.sh
[0.238s] -- Up-to-date: /home/iudc/dobot_ws/install/nova2_moveit/share/nova2_moveit/environment/path.dsv
[0.238s] -- Up-to-date: /home/iudc/dobot_ws/install/nova2_moveit/share/nova2_moveit/local_setup.bash
[0.238s] -- Up-to-date: /home/iudc/dobot_ws/install/nova2_moveit/share/nova2_moveit/local_setup.sh
[0.238s] -- Up-to-date: /home/iudc/dobot_ws/install/nova2_moveit/share/nova2_moveit/local_setup.zsh
[0.238s] -- Up-to-date: /home/iudc/dobot_ws/install/nova2_moveit/share/nova2_moveit/local_setup.dsv
[0.238s] -- Installing: /home/iudc/dobot_ws/install/nova2_moveit/share/nova2_moveit/package.dsv
[0.238s] -- Up-to-date: /home/iudc/dobot_ws/install/nova2_moveit/share/ament_index/resource_index/packages/nova2_moveit
[0.238s] -- Up-to-date: /home/iudc/dobot_ws/install/nova2_moveit/share/nova2_moveit/cmake/nova2_moveitConfig.cmake
[0.238s] -- Up-to-date: /home/iudc/dobot_ws/install/nova2_moveit/share/nova2_moveit/cmake/nova2_moveitConfig-version.cmake
[0.238s] -- Up-to-date: /home/iudc/dobot_ws/install/nova2_moveit/share/nova2_moveit/package.xml
[0.238s] -- Up-to-date: /home/iudc/dobot_ws/install/nova2_moveit/share/nova2_moveit/launch
[0.238s] -- Up-to-date: /home/iudc/dobot_ws/install/nova2_moveit/share/nova2_moveit/launch/moveit_rviz.launch.py
[0.239s] -- Up-to-date: /home/iudc/dobot_ws/install/nova2_moveit/share/nova2_moveit/launch/dobot_moveit.launch.py
[0.239s] -- Up-to-date: /home/iudc/dobot_ws/install/nova2_moveit/share/nova2_moveit/launch/setup_assistant.launch.py
[0.239s] -- Up-to-date: /home/iudc/dobot_ws/install/nova2_moveit/share/nova2_moveit/launch/static_virtual_joint_tfs.launch.py
[0.239s] -- Up-to-date: /home/iudc/dobot_ws/install/nova2_moveit/share/nova2_moveit/launch/demo.launch.py
[0.239s] -- Up-to-date: /home/iudc/dobot_ws/install/nova2_moveit/share/nova2_moveit/launch/move_group.launch.py
[0.239s] -- Up-to-date: /home/iudc/dobot_ws/install/nova2_moveit/share/nova2_moveit/launch/warehouse_db.launch.py
[0.239s] -- Up-to-date: /home/iudc/dobot_ws/install/nova2_moveit/share/nova2_moveit/launch/rsp.launch.py
[0.239s] -- Up-to-date: /home/iudc/dobot_ws/install/nova2_moveit/share/nova2_moveit/launch/spawn_controllers.launch.py
[0.239s] -- Up-to-date: /home/iudc/dobot_ws/install/nova2_moveit/share/nova2_moveit/launch/moveit_gazebo.launch.py
[0.239s] -- Up-to-date: /home/iudc/dobot_ws/install/nova2_moveit/share/nova2_moveit/config
[0.239s] -- Up-to-date: /home/iudc/dobot_ws/install/nova2_moveit/share/nova2_moveit/config/pilz_cartesian_limits.yaml
[0.239s] -- Up-to-date: /home/iudc/dobot_ws/install/nova2_moveit/share/nova2_moveit/config/kinematics.yaml
[0.239s] -- Up-to-date: /home/iudc/dobot_ws/install/nova2_moveit/share/nova2_moveit/config/moveit.rviz
[0.239s] -- Up-to-date: /home/iudc/dobot_ws/install/nova2_moveit/share/nova2_moveit/config/nova2_robot.urdf.xacro
[0.239s] -- Up-to-date: /home/iudc/dobot_ws/install/nova2_moveit/share/nova2_moveit/config/ros2_controllers.yaml
[0.239s] -- Up-to-date: /home/iudc/dobot_ws/install/nova2_moveit/share/nova2_moveit/config/nova2_robot.srdf
[0.239s] -- Up-to-date: /home/iudc/dobot_ws/install/nova2_moveit/share/nova2_moveit/config/initial_positions.yaml
[0.239s] -- Up-to-date: /home/iudc/dobot_ws/install/nova2_moveit/share/nova2_moveit/config/nova2_robot.ros2_control.xacro
[0.239s] -- Up-to-date: /home/iudc/dobot_ws/install/nova2_moveit/share/nova2_moveit/config/moveit_controllers.yaml
[0.239s] -- Up-to-date: /home/iudc/dobot_ws/install/nova2_moveit/share/nova2_moveit/config/joint_limits.yaml
[0.239s] -- Up-to-date: /home/iudc/dobot_ws/install/nova2_moveit/share/nova2_moveit/.setup_assistant
[0.266s] Invoked command in '/home/iudc/dobot_ws/build/nova2_moveit' returned '0': CMAKE_PREFIX_PATH=/home/iudc/dobot_ws/install/dobot_rviz:/home/iudc/dobot_ws/install/nova5_moveit:/home/iudc/dobot_ws/install/nova2_moveit:/home/iudc/dobot_ws/install/me6_moveit:/home/iudc/dobot_ws/install/cr7_moveit:/home/iudc/dobot_ws/install/cr5_moveit:/home/iudc/dobot_ws/install/cr3_moveit:/home/iudc/dobot_ws/install/cr30h_moveit:/home/iudc/dobot_ws/install/cr20_moveit:/home/iudc/dobot_ws/install/cr16_moveit:/home/iudc/dobot_ws/install/cr12_moveit:/home/iudc/dobot_ws/install/cr10_moveit:/home/iudc/dobot_ws/install/cr_robot_ros2:/home/iudc/dobot_ws/install/dobot_msgs_v4:/home/iudc/dobot_ws/install/dobot_gazebo:/home/iudc/dobot_ws/install/cra_description:/opt/ros/jazzy/opt/gz_sim_vendor:/opt/ros/jazzy/opt/gz_sensors_vendor:/opt/ros/jazzy/opt/gz_physics_vendor:/opt/ros/jazzy/opt/sdformat_vendor:/opt/ros/jazzy/opt/gz_gui_vendor:/opt/ros/jazzy/opt/gz_transport_vendor:/opt/ros/jazzy/opt/gz_rendering_vendor:/opt/ros/jazzy/opt/gz_plugin_vendor:/opt/ros/jazzy/opt/gz_fuel_tools_vendor:/opt/ros/jazzy/opt/gz_msgs_vendor:/opt/ros/jazzy/opt/gz_common_vendor:/opt/ros/jazzy/opt/gz_math_vendor:/opt/ros/jazzy/opt/gz_utils_vendor:/opt/ros/jazzy/opt/gz_tools_vendor:/opt/ros/jazzy/opt/gz_ogre_next_vendor:/opt/ros/jazzy/opt/gz_dartsim_vendor:/opt/ros/jazzy/opt/gz_cmake_vendor:/home/iudc/dobot_ws/install/servo_action:/home/iudc/dobot_ws/install/dobot_moveit:/home/iudc/dobot_ws/install/dobot_demo:/opt/ros/jazzy DEBUGINFOD_URLS=https://debuginfod.ubuntu.com /usr/bin/cmake --install /home/iudc/dobot_ws/build/nova2_moveit
