[0.883s] Invoking command in '/home/iudc/dobot_ws/src/DOBOT_6Axis_ROS2_V4/servo_action': DEBUGINFOD_URLS=https://debuginfod.ubuntu.com PYTHONPATH=/home/iudc/dobot_ws/build/servo_action/prefix_override:/usr/lib/python3/dist-packages/colcon_core/task/python/colcon_distutils_commands:/home/iudc/dobot_ws/install/servo_action/lib/python3.12/site-packages:${PYTHONPATH} /usr/bin/python3 -W ignore:setup.py install is deprecated -W ignore:easy_install command is deprecated setup.py egg_info --egg-base ../../../build/servo_action build --build-base /home/iudc/dobot_ws/build/servo_action/build install --record /home/iudc/dobot_ws/build/servo_action/install.log --single-version-externally-managed install_data
[1.046s] running egg_info
[1.055s] writing ../../../build/servo_action/servo_action.egg-info/PKG-INFO
[1.055s] writing dependency_links to ../../../build/servo_action/servo_action.egg-info/dependency_links.txt
[1.056s] writing entry points to ../../../build/servo_action/servo_action.egg-info/entry_points.txt
[1.056s] writing requirements to ../../../build/servo_action/servo_action.egg-info/requires.txt
[1.056s] writing top-level names to ../../../build/servo_action/servo_action.egg-info/top_level.txt
[1.079s] reading manifest file '../../../build/servo_action/servo_action.egg-info/SOURCES.txt'
[1.080s] writing manifest file '../../../build/servo_action/servo_action.egg-info/SOURCES.txt'
[1.080s] running build
[1.080s] running build_py
[1.080s] running install
[1.085s] running install_lib
[1.097s] running install_data
[1.097s] running install_egg_info
[1.109s] removing '/home/iudc/dobot_ws/install/servo_action/lib/python3.12/site-packages/servo_action-0.0.0-py3.12.egg-info' (and everything under it)
[1.110s] Copying ../../../build/servo_action/servo_action.egg-info to /home/iudc/dobot_ws/install/servo_action/lib/python3.12/site-packages/servo_action-0.0.0-py3.12.egg-info
[1.110s] running install_scripts
[1.203s] Installing Joint_Position script to /home/iudc/dobot_ws/install/servo_action/lib/servo_action
[1.203s] Installing action_move_client script to /home/iudc/dobot_ws/install/servo_action/lib/servo_action
[1.203s] writing list of installed files to '/home/iudc/dobot_ws/build/servo_action/install.log'
[1.236s] Invoked command in '/home/iudc/dobot_ws/src/DOBOT_6Axis_ROS2_V4/servo_action' returned '0': DEBUGINFOD_URLS=https://debuginfod.ubuntu.com PYTHONPATH=/home/iudc/dobot_ws/build/servo_action/prefix_override:/usr/lib/python3/dist-packages/colcon_core/task/python/colcon_distutils_commands:/home/iudc/dobot_ws/install/servo_action/lib/python3.12/site-packages:${PYTHONPATH} /usr/bin/python3 -W ignore:setup.py install is deprecated -W ignore:easy_install command is deprecated setup.py egg_info --egg-base ../../../build/servo_action build --build-base /home/iudc/dobot_ws/build/servo_action/build install --record /home/iudc/dobot_ws/build/servo_action/install.log --single-version-externally-managed install_data
