[0.007s] Invoking command in '/home/iudc/dobot_ws/build/cr_robot_ros2': AMENT_PREFIX_PATH=/home/iudc/dobot_ws/install/dobot_msgs_v4:${AMENT_PREFIX_PATH} CMAKE_PREFIX_PATH=/home/iudc/dobot_ws/install/dobot_msgs_v4:/opt/ros/jazzy/opt/gz_sim_vendor:/opt/ros/jazzy/opt/gz_sensors_vendor:/opt/ros/jazzy/opt/gz_physics_vendor:/opt/ros/jazzy/opt/sdformat_vendor:/opt/ros/jazzy/opt/gz_gui_vendor:/opt/ros/jazzy/opt/gz_transport_vendor:/opt/ros/jazzy/opt/gz_rendering_vendor:/opt/ros/jazzy/opt/gz_plugin_vendor:/opt/ros/jazzy/opt/gz_fuel_tools_vendor:/opt/ros/jazzy/opt/gz_msgs_vendor:/opt/ros/jazzy/opt/gz_common_vendor:/opt/ros/jazzy/opt/gz_math_vendor:/opt/ros/jazzy/opt/gz_utils_vendor:/opt/ros/jazzy/opt/gz_tools_vendor:/opt/ros/jazzy/opt/gz_ogre_next_vendor:/opt/ros/jazzy/opt/gz_dartsim_vendor:/opt/ros/jazzy/opt/gz_cmake_vendor:/opt/ros/jazzy DEBUGINFOD_URLS=https://debuginfod.ubuntu.com LD_LIBRARY_PATH=/home/iudc/dobot_ws/install/dobot_msgs_v4/lib:${LD_LIBRARY_PATH} PYTHONPATH=/home/iudc/dobot_ws/install/dobot_msgs_v4/lib/python3.12/site-packages:${PYTHONPATH} /usr/bin/cmake /home/iudc/dobot_ws/src/DOBOT_6Axis_ROS2_V4/dobot_bringup_v4 -DCMAKE_INSTALL_PREFIX=/home/iudc/dobot_ws/install/cr_robot_ros2
[0.045s] -- The C compiler identification is GNU 13.3.0
[0.081s] -- The CXX compiler identification is GNU 13.3.0
[0.092s] -- Detecting C compiler ABI info
[0.157s] -- Detecting C compiler ABI info - done
[0.161s] -- Check for working C compiler: /usr/bin/cc - skipped
[0.162s] -- Detecting C compile features
[0.162s] -- Detecting C compile features - done
[0.168s] -- Detecting CXX compiler ABI info
[0.239s] -- Detecting CXX compiler ABI info - done
[0.244s] -- Check for working CXX compiler: /usr/bin/c++ - skipped
[0.244s] -- Detecting CXX compile features
[0.245s] -- Detecting CXX compile features - done
[0.248s] -- Found ament_cmake: 2.5.5 (/opt/ros/jazzy/share/ament_cmake/cmake)
[0.346s] -- Found Python3: /usr/bin/python3 (found version "3.12.3") found components: Interpreter 
[0.429s] -- Found rclcpp: 28.1.16 (/opt/ros/jazzy/share/rclcpp/cmake)
[0.466s] -- Found rosidl_generator_c: 4.6.7 (/opt/ros/jazzy/share/rosidl_generator_c/cmake)
[0.478s] -- Found rosidl_generator_cpp: 4.6.7 (/opt/ros/jazzy/share/rosidl_generator_cpp/cmake)
[0.491s] -- Using all available rosidl_typesupport_c: rosidl_typesupport_fastrtps_c;rosidl_typesupport_introspection_c
[0.506s] -- Using all available rosidl_typesupport_cpp: rosidl_typesupport_fastrtps_cpp;rosidl_typesupport_introspection_cpp
[0.563s] -- Found rmw_implementation_cmake: 7.3.3 (/opt/ros/jazzy/share/rmw_implementation_cmake/cmake)
[0.566s] -- Found rmw_fastrtps_cpp: 8.4.3 (/opt/ros/jazzy/share/rmw_fastrtps_cpp/cmake)
[0.640s] -- Found OpenSSL: /usr/lib/x86_64-linux-gnu/libcrypto.so (found version "3.0.13")  
[0.654s] -- Found FastRTPS: /opt/ros/jazzy/include (Required is at least version "2.13") 
[0.670s] -- Using RMW implementation 'rmw_fastrtps_cpp' as default
[0.725s] -- Found rclcpp_action: 28.1.16 (/opt/ros/jazzy/share/rclcpp_action/cmake)
[0.757s] -- Found std_msgs: 5.3.6 (/opt/ros/jazzy/share/std_msgs/cmake)
[0.767s] -- Found sensor_msgs: 5.3.6 (/opt/ros/jazzy/share/sensor_msgs/cmake)
[0.791s] -- Found dobot_msgs_v4: 0.0.0 (/home/iudc/dobot_ws/install/dobot_msgs_v4/share/dobot_msgs_v4/cmake)
[0.881s] -- Found rosidl_adapter: 4.6.7 (/opt/ros/jazzy/share/rosidl_adapter/cmake)
[0.889s] -- Found ament_lint_auto: 0.17.4 (/opt/ros/jazzy/share/ament_lint_auto/cmake)
[0.960s] -- Added test 'copyright' to check source files copyright and LICENSE
[0.963s] -- Added test 'cppcheck' to perform static code analysis on C / C++ code
[0.963s] -- Configured cppcheck include dirs: $<BUILD_INTERFACE:/home/iudc/dobot_ws/src/DOBOT_6Axis_ROS2_V4/dobot_bringup_v4/include>
[0.963s] -- Configured cppcheck exclude dirs and/or files: 
[0.966s] -- Added test 'cpplint' to check C / C++ code against the Google style
[0.966s] -- Configured cpplint exclude dirs and/or files: 
[0.967s] -- Added test 'flake8' to check Python code syntax and style conventions
[0.967s] -- Configured 'flake8' exclude dirs and/or files: 
[0.968s] -- Added test 'lint_cmake' to check CMake code style
[0.968s] -- Added test 'pep257' to check Python code against some of the docstring style conventions in PEP 257
[0.971s] -- Added test 'uncrustify' to check C / C++ code style
[0.971s] -- Configured uncrustify additional arguments: 
[0.972s] -- Added test 'xmllint' to check XML markup files
[0.973s] -- Configuring done (1.0s)
[0.981s] -- Generating done (0.0s)
[0.983s] -- Build files have been written to: /home/iudc/dobot_ws/build/cr_robot_ros2
[0.992s] Invoked command in '/home/iudc/dobot_ws/build/cr_robot_ros2' returned '0': AMENT_PREFIX_PATH=/home/iudc/dobot_ws/install/dobot_msgs_v4:${AMENT_PREFIX_PATH} CMAKE_PREFIX_PATH=/home/iudc/dobot_ws/install/dobot_msgs_v4:/opt/ros/jazzy/opt/gz_sim_vendor:/opt/ros/jazzy/opt/gz_sensors_vendor:/opt/ros/jazzy/opt/gz_physics_vendor:/opt/ros/jazzy/opt/sdformat_vendor:/opt/ros/jazzy/opt/gz_gui_vendor:/opt/ros/jazzy/opt/gz_transport_vendor:/opt/ros/jazzy/opt/gz_rendering_vendor:/opt/ros/jazzy/opt/gz_plugin_vendor:/opt/ros/jazzy/opt/gz_fuel_tools_vendor:/opt/ros/jazzy/opt/gz_msgs_vendor:/opt/ros/jazzy/opt/gz_common_vendor:/opt/ros/jazzy/opt/gz_math_vendor:/opt/ros/jazzy/opt/gz_utils_vendor:/opt/ros/jazzy/opt/gz_tools_vendor:/opt/ros/jazzy/opt/gz_ogre_next_vendor:/opt/ros/jazzy/opt/gz_dartsim_vendor:/opt/ros/jazzy/opt/gz_cmake_vendor:/opt/ros/jazzy DEBUGINFOD_URLS=https://debuginfod.ubuntu.com LD_LIBRARY_PATH=/home/iudc/dobot_ws/install/dobot_msgs_v4/lib:${LD_LIBRARY_PATH} PYTHONPATH=/home/iudc/dobot_ws/install/dobot_msgs_v4/lib/python3.12/site-packages:${PYTHONPATH} /usr/bin/cmake /home/iudc/dobot_ws/src/DOBOT_6Axis_ROS2_V4/dobot_bringup_v4 -DCMAKE_INSTALL_PREFIX=/home/iudc/dobot_ws/install/cr_robot_ros2
[0.992s] Invoking command in '/home/iudc/dobot_ws/build/cr_robot_ros2': AMENT_PREFIX_PATH=/home/iudc/dobot_ws/install/dobot_msgs_v4:${AMENT_PREFIX_PATH} CMAKE_PREFIX_PATH=/home/iudc/dobot_ws/install/dobot_msgs_v4:/opt/ros/jazzy/opt/gz_sim_vendor:/opt/ros/jazzy/opt/gz_sensors_vendor:/opt/ros/jazzy/opt/gz_physics_vendor:/opt/ros/jazzy/opt/sdformat_vendor:/opt/ros/jazzy/opt/gz_gui_vendor:/opt/ros/jazzy/opt/gz_transport_vendor:/opt/ros/jazzy/opt/gz_rendering_vendor:/opt/ros/jazzy/opt/gz_plugin_vendor:/opt/ros/jazzy/opt/gz_fuel_tools_vendor:/opt/ros/jazzy/opt/gz_msgs_vendor:/opt/ros/jazzy/opt/gz_common_vendor:/opt/ros/jazzy/opt/gz_math_vendor:/opt/ros/jazzy/opt/gz_utils_vendor:/opt/ros/jazzy/opt/gz_tools_vendor:/opt/ros/jazzy/opt/gz_ogre_next_vendor:/opt/ros/jazzy/opt/gz_dartsim_vendor:/opt/ros/jazzy/opt/gz_cmake_vendor:/opt/ros/jazzy DEBUGINFOD_URLS=https://debuginfod.ubuntu.com LD_LIBRARY_PATH=/home/iudc/dobot_ws/install/dobot_msgs_v4/lib:${LD_LIBRARY_PATH} PYTHONPATH=/home/iudc/dobot_ws/install/dobot_msgs_v4/lib/python3.12/site-packages:${PYTHONPATH} /usr/bin/cmake --build /home/iudc/dobot_ws/build/cr_robot_ros2 -- -j24 -l24
[1.031s] [ 16%] [32mBuilding CXX object CMakeFiles/cr_robot_ros2_node.dir/src/cr_robot_ros2.cpp.o[0m
[1.032s] [ 50%] [32mBuilding CXX object CMakeFiles/cr_robot_ros2_node.dir/src/command.cpp.o[0m
[1.032s] [ 50%] [32mBuilding CXX object CMakeFiles/cr_robot_ros2_node.dir/src/main.cpp.o[0m
[1.032s] [ 66%] [32mBuilding CXX object CMakeFiles/cr_robot_ros2_node.dir/src/parseTool.cpp.o[0m
[1.032s] [ 83%] [32mBuilding CXX object CMakeFiles/cr_robot_ros2_node.dir/src/tcp_socket.cpp.o[0m
[42.474s] [100%] [32m[1mLinking CXX executable cr_robot_ros2_node[0m
[44.806s] [100%] Built target cr_robot_ros2_node
[44.815s] Invoked command in '/home/iudc/dobot_ws/build/cr_robot_ros2' returned '0': AMENT_PREFIX_PATH=/home/iudc/dobot_ws/install/dobot_msgs_v4:${AMENT_PREFIX_PATH} CMAKE_PREFIX_PATH=/home/iudc/dobot_ws/install/dobot_msgs_v4:/opt/ros/jazzy/opt/gz_sim_vendor:/opt/ros/jazzy/opt/gz_sensors_vendor:/opt/ros/jazzy/opt/gz_physics_vendor:/opt/ros/jazzy/opt/sdformat_vendor:/opt/ros/jazzy/opt/gz_gui_vendor:/opt/ros/jazzy/opt/gz_transport_vendor:/opt/ros/jazzy/opt/gz_rendering_vendor:/opt/ros/jazzy/opt/gz_plugin_vendor:/opt/ros/jazzy/opt/gz_fuel_tools_vendor:/opt/ros/jazzy/opt/gz_msgs_vendor:/opt/ros/jazzy/opt/gz_common_vendor:/opt/ros/jazzy/opt/gz_math_vendor:/opt/ros/jazzy/opt/gz_utils_vendor:/opt/ros/jazzy/opt/gz_tools_vendor:/opt/ros/jazzy/opt/gz_ogre_next_vendor:/opt/ros/jazzy/opt/gz_dartsim_vendor:/opt/ros/jazzy/opt/gz_cmake_vendor:/opt/ros/jazzy DEBUGINFOD_URLS=https://debuginfod.ubuntu.com LD_LIBRARY_PATH=/home/iudc/dobot_ws/install/dobot_msgs_v4/lib:${LD_LIBRARY_PATH} PYTHONPATH=/home/iudc/dobot_ws/install/dobot_msgs_v4/lib/python3.12/site-packages:${PYTHONPATH} /usr/bin/cmake --build /home/iudc/dobot_ws/build/cr_robot_ros2 -- -j24 -l24
[44.816s] Invoking command in '/home/iudc/dobot_ws/build/cr_robot_ros2': AMENT_PREFIX_PATH=/home/iudc/dobot_ws/install/dobot_msgs_v4:${AMENT_PREFIX_PATH} CMAKE_PREFIX_PATH=/home/iudc/dobot_ws/install/dobot_msgs_v4:/opt/ros/jazzy/opt/gz_sim_vendor:/opt/ros/jazzy/opt/gz_sensors_vendor:/opt/ros/jazzy/opt/gz_physics_vendor:/opt/ros/jazzy/opt/sdformat_vendor:/opt/ros/jazzy/opt/gz_gui_vendor:/opt/ros/jazzy/opt/gz_transport_vendor:/opt/ros/jazzy/opt/gz_rendering_vendor:/opt/ros/jazzy/opt/gz_plugin_vendor:/opt/ros/jazzy/opt/gz_fuel_tools_vendor:/opt/ros/jazzy/opt/gz_msgs_vendor:/opt/ros/jazzy/opt/gz_common_vendor:/opt/ros/jazzy/opt/gz_math_vendor:/opt/ros/jazzy/opt/gz_utils_vendor:/opt/ros/jazzy/opt/gz_tools_vendor:/opt/ros/jazzy/opt/gz_ogre_next_vendor:/opt/ros/jazzy/opt/gz_dartsim_vendor:/opt/ros/jazzy/opt/gz_cmake_vendor:/opt/ros/jazzy DEBUGINFOD_URLS=https://debuginfod.ubuntu.com LD_LIBRARY_PATH=/home/iudc/dobot_ws/install/dobot_msgs_v4/lib:${LD_LIBRARY_PATH} PYTHONPATH=/home/iudc/dobot_ws/install/dobot_msgs_v4/lib/python3.12/site-packages:${PYTHONPATH} /usr/bin/cmake --install /home/iudc/dobot_ws/build/cr_robot_ros2
[44.822s] -- Install configuration: ""
[44.822s] -- Installing: /home/iudc/dobot_ws/install/cr_robot_ros2/lib/cr_robot_ros2/cr_robot_ros2_node
[44.864s] -- Set non-toolchain portion of runtime path of "/home/iudc/dobot_ws/install/cr_robot_ros2/lib/cr_robot_ros2/cr_robot_ros2_node" to ""
[44.864s] -- Installing: /home/iudc/dobot_ws/install/cr_robot_ros2/share/cr_robot_ros2/launch
[44.864s] -- Installing: /home/iudc/dobot_ws/install/cr_robot_ros2/share/cr_robot_ros2/launch/dobot_bringup_ros2.launch.py
[44.864s] -- Installing: /home/iudc/dobot_ws/install/cr_robot_ros2/share/cr_robot_ros2/config
[44.864s] -- Installing: /home/iudc/dobot_ws/install/cr_robot_ros2/share/cr_robot_ros2/config/param.json
[44.865s] -- Installing: /home/iudc/dobot_ws/install/cr_robot_ros2/share/ament_index/resource_index/package_run_dependencies/cr_robot_ros2
[44.865s] -- Installing: /home/iudc/dobot_ws/install/cr_robot_ros2/share/ament_index/resource_index/parent_prefix_path/cr_robot_ros2
[44.865s] -- Installing: /home/iudc/dobot_ws/install/cr_robot_ros2/share/cr_robot_ros2/environment/ament_prefix_path.sh
[44.865s] -- Installing: /home/iudc/dobot_ws/install/cr_robot_ros2/share/cr_robot_ros2/environment/ament_prefix_path.dsv
[44.865s] -- Installing: /home/iudc/dobot_ws/install/cr_robot_ros2/share/cr_robot_ros2/environment/path.sh
[44.865s] -- Installing: /home/iudc/dobot_ws/install/cr_robot_ros2/share/cr_robot_ros2/environment/path.dsv
[44.865s] -- Installing: /home/iudc/dobot_ws/install/cr_robot_ros2/share/cr_robot_ros2/local_setup.bash
[44.865s] -- Installing: /home/iudc/dobot_ws/install/cr_robot_ros2/share/cr_robot_ros2/local_setup.sh
[44.865s] -- Installing: /home/iudc/dobot_ws/install/cr_robot_ros2/share/cr_robot_ros2/local_setup.zsh
[44.865s] -- Installing: /home/iudc/dobot_ws/install/cr_robot_ros2/share/cr_robot_ros2/local_setup.dsv
[44.865s] -- Installing: /home/iudc/dobot_ws/install/cr_robot_ros2/share/cr_robot_ros2/package.dsv
[44.865s] -- Installing: /home/iudc/dobot_ws/install/cr_robot_ros2/share/ament_index/resource_index/packages/cr_robot_ros2
[44.865s] -- Installing: /home/iudc/dobot_ws/install/cr_robot_ros2/share/cr_robot_ros2/cmake/cr_robot_ros2Config.cmake
[44.866s] -- Installing: /home/iudc/dobot_ws/install/cr_robot_ros2/share/cr_robot_ros2/cmake/cr_robot_ros2Config-version.cmake
[44.866s] -- Installing: /home/iudc/dobot_ws/install/cr_robot_ros2/share/cr_robot_ros2/package.xml
[44.868s] Invoked command in '/home/iudc/dobot_ws/build/cr_robot_ros2' returned '0': AMENT_PREFIX_PATH=/home/iudc/dobot_ws/install/dobot_msgs_v4:${AMENT_PREFIX_PATH} CMAKE_PREFIX_PATH=/home/iudc/dobot_ws/install/dobot_msgs_v4:/opt/ros/jazzy/opt/gz_sim_vendor:/opt/ros/jazzy/opt/gz_sensors_vendor:/opt/ros/jazzy/opt/gz_physics_vendor:/opt/ros/jazzy/opt/sdformat_vendor:/opt/ros/jazzy/opt/gz_gui_vendor:/opt/ros/jazzy/opt/gz_transport_vendor:/opt/ros/jazzy/opt/gz_rendering_vendor:/opt/ros/jazzy/opt/gz_plugin_vendor:/opt/ros/jazzy/opt/gz_fuel_tools_vendor:/opt/ros/jazzy/opt/gz_msgs_vendor:/opt/ros/jazzy/opt/gz_common_vendor:/opt/ros/jazzy/opt/gz_math_vendor:/opt/ros/jazzy/opt/gz_utils_vendor:/opt/ros/jazzy/opt/gz_tools_vendor:/opt/ros/jazzy/opt/gz_ogre_next_vendor:/opt/ros/jazzy/opt/gz_dartsim_vendor:/opt/ros/jazzy/opt/gz_cmake_vendor:/opt/ros/jazzy DEBUGINFOD_URLS=https://debuginfod.ubuntu.com LD_LIBRARY_PATH=/home/iudc/dobot_ws/install/dobot_msgs_v4/lib:${LD_LIBRARY_PATH} PYTHONPATH=/home/iudc/dobot_ws/install/dobot_msgs_v4/lib/python3.12/site-packages:${PYTHONPATH} /usr/bin/cmake --install /home/iudc/dobot_ws/build/cr_robot_ros2
