[0.016s] Invoking command in '/home/iudc/dobot_ws/build/cra_description': CMAKE_PREFIX_PATH=${CMAKE_PREFIX_PATH}:/opt/ros/jazzy DEBUGINFOD_URLS=https://debuginfod.ubuntu.com /usr/bin/cmake /home/iudc/dobot_ws/src/DOBOT_6Axis_ROS2_V4/cra_description -DCMAKE_INSTALL_PREFIX=/home/iudc/dobot_ws/install/cra_description
[0.254s] -- The C compiler identification is GNU 13.3.0
[0.254s] -- The CXX compiler identification is GNU 13.3.0
[0.254s] -- Detecting C compiler ABI info
[0.254s] -- Detecting C compiler ABI info - done
[0.254s] -- Check for working C compiler: /usr/bin/cc - skipped
[0.254s] -- Detecting C compile features
[0.254s] -- Detecting C compile features - done
[0.254s] -- Detecting CXX compiler ABI info
[0.260s] -- Detecting CXX compiler ABI info - done
[0.265s] -- Check for working CXX compiler: /usr/bin/c++ - skipped
[0.265s] -- Detecting CXX compile features
[0.265s] -- Detecting CXX compile features - done
[0.269s] -- Found ament_cmake: 2.5.5 (/opt/ros/jazzy/share/ament_cmake/cmake)
[0.374s] -- Found Python3: /usr/bin/python3 (found version "3.12.3") found components: Interpreter 
[0.506s] -- Configuring done (0.5s)
[0.508s] -- Generating done (0.0s)
[0.509s] -- Build files have been written to: /home/iudc/dobot_ws/build/cra_description
[0.513s] Invoked command in '/home/iudc/dobot_ws/build/cra_description' returned '0': CMAKE_PREFIX_PATH=${CMAKE_PREFIX_PATH}:/opt/ros/jazzy DEBUGINFOD_URLS=https://debuginfod.ubuntu.com /usr/bin/cmake /home/iudc/dobot_ws/src/DOBOT_6Axis_ROS2_V4/cra_description -DCMAKE_INSTALL_PREFIX=/home/iudc/dobot_ws/install/cra_description
[0.514s] Invoking command in '/home/iudc/dobot_ws/build/cra_description': CMAKE_PREFIX_PATH=${CMAKE_PREFIX_PATH}:/opt/ros/jazzy DEBUGINFOD_URLS=https://debuginfod.ubuntu.com /usr/bin/cmake --build /home/iudc/dobot_ws/build/cra_description -- -j24 -l24
[0.544s] Invoked command in '/home/iudc/dobot_ws/build/cra_description' returned '0': CMAKE_PREFIX_PATH=${CMAKE_PREFIX_PATH}:/opt/ros/jazzy DEBUGINFOD_URLS=https://debuginfod.ubuntu.com /usr/bin/cmake --build /home/iudc/dobot_ws/build/cra_description -- -j24 -l24
[0.551s] Invoking command in '/home/iudc/dobot_ws/build/cra_description': CMAKE_PREFIX_PATH=${CMAKE_PREFIX_PATH}:/opt/ros/jazzy DEBUGINFOD_URLS=https://debuginfod.ubuntu.com /usr/bin/cmake --install /home/iudc/dobot_ws/build/cra_description
[0.557s] -- Install configuration: ""
[0.557s] -- Installing: /home/iudc/dobot_ws/install/cra_description/share/ament_index/resource_index/package_run_dependencies/cra_description
[0.557s] -- Installing: /home/iudc/dobot_ws/install/cra_description/share/ament_index/resource_index/parent_prefix_path/cra_description
[0.557s] -- Installing: /home/iudc/dobot_ws/install/cra_description/share/cra_description/environment/ament_prefix_path.sh
[0.558s] -- Installing: /home/iudc/dobot_ws/install/cra_description/share/cra_description/environment/ament_prefix_path.dsv
[0.558s] -- Installing: /home/iudc/dobot_ws/install/cra_description/share/cra_description/environment/path.sh
[0.558s] -- Installing: /home/iudc/dobot_ws/install/cra_description/share/cra_description/environment/path.dsv
[0.558s] -- Installing: /home/iudc/dobot_ws/install/cra_description/share/cra_description/local_setup.bash
[0.558s] -- Installing: /home/iudc/dobot_ws/install/cra_description/share/cra_description/local_setup.sh
[0.558s] -- Installing: /home/iudc/dobot_ws/install/cra_description/share/cra_description/local_setup.zsh
[0.558s] -- Installing: /home/iudc/dobot_ws/install/cra_description/share/cra_description/local_setup.dsv
[0.558s] -- Installing: /home/iudc/dobot_ws/install/cra_description/share/cra_description/package.dsv
[0.558s] -- Installing: /home/iudc/dobot_ws/install/cra_description/share/ament_index/resource_index/packages/cra_description
[0.558s] -- Installing: /home/iudc/dobot_ws/install/cra_description/share/cra_description/cmake/cra_descriptionConfig.cmake
[0.558s] -- Installing: /home/iudc/dobot_ws/install/cra_description/share/cra_description/cmake/cra_descriptionConfig-version.cmake
[0.558s] -- Installing: /home/iudc/dobot_ws/install/cra_description/share/cra_description/package.xml
[0.559s] -- Installing: /home/iudc/dobot_ws/install/cra_description/share/cra_description/urdf
[0.559s] -- Installing: /home/iudc/dobot_ws/install/cra_description/share/cra_description/urdf/cr3_robot.xacro
[0.559s] -- Installing: /home/iudc/dobot_ws/install/cra_description/share/cra_description/urdf/nova5_robot.xacro
[0.559s] -- Installing: /home/iudc/dobot_ws/install/cra_description/share/cra_description/urdf/cr16_robot.xacro
[0.559s] -- Installing: /home/iudc/dobot_ws/install/cra_description/share/cra_description/urdf/cr12_robot.xacro
[0.559s] -- Installing: /home/iudc/dobot_ws/install/cra_description/share/cra_description/urdf/cr30h_robot.xacro
[0.559s] -- Installing: /home/iudc/dobot_ws/install/cra_description/share/cra_description/urdf/cr20_robot.xacro
[0.559s] -- Installing: /home/iudc/dobot_ws/install/cra_description/share/cra_description/urdf/cr10_robot.xacro
[0.559s] -- Installing: /home/iudc/dobot_ws/install/cra_description/share/cra_description/urdf/cr5_robot.xacro
[0.559s] -- Installing: /home/iudc/dobot_ws/install/cra_description/share/cra_description/urdf/nova2_robot.xacro
[0.559s] -- Installing: /home/iudc/dobot_ws/install/cra_description/share/cra_description/urdf/cr7_robot.xacro
[0.559s] -- Installing: /home/iudc/dobot_ws/install/cra_description/share/cra_description/urdf/me6_robot.xacro
[0.559s] -- Installing: /home/iudc/dobot_ws/install/cra_description/share/cra_description/meshes
[0.560s] -- Installing: /home/iudc/dobot_ws/install/cra_description/share/cra_description/meshes/cr20
[0.560s] -- Installing: /home/iudc/dobot_ws/install/cra_description/share/cra_description/meshes/cr20/Link6.STL
[0.560s] -- Installing: /home/iudc/dobot_ws/install/cra_description/share/cra_description/meshes/cr20/Link5.STL
[0.561s] -- Installing: /home/iudc/dobot_ws/install/cra_description/share/cra_description/meshes/cr20/Link2.STL
[0.562s] -- Installing: /home/iudc/dobot_ws/install/cra_description/share/cra_description/meshes/cr20/Link4.STL
[0.562s] -- Installing: /home/iudc/dobot_ws/install/cra_description/share/cra_description/meshes/cr20/Link1.STL
[0.562s] -- Installing: /home/iudc/dobot_ws/install/cra_description/share/cra_description/meshes/cr20/base_link.STL
[0.564s] -- Installing: /home/iudc/dobot_ws/install/cra_description/share/cra_description/meshes/cr20/Link3.STL
[0.565s] -- Installing: /home/iudc/dobot_ws/install/cra_description/share/cra_description/meshes/me6
[0.565s] -- Installing: /home/iudc/dobot_ws/install/cra_description/share/cra_description/meshes/me6/Link6.STL
[0.566s] -- Installing: /home/iudc/dobot_ws/install/cra_description/share/cra_description/meshes/me6/Link5.STL
[0.568s] -- Installing: /home/iudc/dobot_ws/install/cra_description/share/cra_description/meshes/me6/Link2.STL
[0.569s] -- Installing: /home/iudc/dobot_ws/install/cra_description/share/cra_description/meshes/me6/Link4.STL
[0.570s] -- Installing: /home/iudc/dobot_ws/install/cra_description/share/cra_description/meshes/me6/Link1.STL
[0.572s] -- Installing: /home/iudc/dobot_ws/install/cra_description/share/cra_description/meshes/me6/base_link.STL
[0.576s] -- Installing: /home/iudc/dobot_ws/install/cra_description/share/cra_description/meshes/me6/Link3.STL
[0.578s] -- Installing: /home/iudc/dobot_ws/install/cra_description/share/cra_description/meshes/nova5
[0.578s] -- Installing: /home/iudc/dobot_ws/install/cra_description/share/cra_description/meshes/nova5/Link6.STL
[0.579s] -- Installing: /home/iudc/dobot_ws/install/cra_description/share/cra_description/meshes/nova5/Link5.STL
[0.580s] -- Installing: /home/iudc/dobot_ws/install/cra_description/share/cra_description/meshes/nova5/Link2.STL
[0.580s] -- Installing: /home/iudc/dobot_ws/install/cra_description/share/cra_description/meshes/nova5/Link4.STL
[0.581s] -- Installing: /home/iudc/dobot_ws/install/cra_description/share/cra_description/meshes/nova5/Link1.STL
[0.582s] -- Installing: /home/iudc/dobot_ws/install/cra_description/share/cra_description/meshes/nova5/base_link.STL
[0.582s] -- Installing: /home/iudc/dobot_ws/install/cra_description/share/cra_description/meshes/nova5/Link3.STL
[0.582s] -- Installing: /home/iudc/dobot_ws/install/cra_description/share/cra_description/meshes/cr3
[0.582s] -- Installing: /home/iudc/dobot_ws/install/cra_description/share/cra_description/meshes/cr3/Link6.STL
[0.583s] -- Installing: /home/iudc/dobot_ws/install/cra_description/share/cra_description/meshes/cr3/Link5.STL
[0.583s] -- Installing: /home/iudc/dobot_ws/install/cra_description/share/cra_description/meshes/cr3/Link2.STL
[0.583s] -- Installing: /home/iudc/dobot_ws/install/cra_description/share/cra_description/meshes/cr3/Link4.STL
[0.584s] -- Installing: /home/iudc/dobot_ws/install/cra_description/share/cra_description/meshes/cr3/Link1.STL
[0.584s] -- Installing: /home/iudc/dobot_ws/install/cra_description/share/cra_description/meshes/cr3/base_link.STL
[0.586s] -- Installing: /home/iudc/dobot_ws/install/cra_description/share/cra_description/meshes/cr3/Link3.STL
[0.586s] -- Installing: /home/iudc/dobot_ws/install/cra_description/share/cra_description/meshes/cr7
[0.586s] -- Installing: /home/iudc/dobot_ws/install/cra_description/share/cra_description/meshes/cr7/J1.STL
[0.587s] -- Installing: /home/iudc/dobot_ws/install/cra_description/share/cra_description/meshes/cr7/J2.STL
[0.587s] -- Installing: /home/iudc/dobot_ws/install/cra_description/share/cra_description/meshes/cr7/J4.STL
[0.588s] -- Installing: /home/iudc/dobot_ws/install/cra_description/share/cra_description/meshes/cr7/base_link0.STL
[0.588s] -- Installing: /home/iudc/dobot_ws/install/cra_description/share/cra_description/meshes/cr7/J3.STL
[0.588s] -- Installing: /home/iudc/dobot_ws/install/cra_description/share/cra_description/meshes/cr7/J5.STL
[0.589s] -- Installing: /home/iudc/dobot_ws/install/cra_description/share/cra_description/meshes/cr7/J6.STL
[0.589s] -- Installing: /home/iudc/dobot_ws/install/cra_description/share/cra_description/meshes/cr12
[0.589s] -- Installing: /home/iudc/dobot_ws/install/cra_description/share/cra_description/meshes/cr12/J1.STL
[0.590s] -- Installing: /home/iudc/dobot_ws/install/cra_description/share/cra_description/meshes/cr12/J2.STL
[0.590s] -- Installing: /home/iudc/dobot_ws/install/cra_description/share/cra_description/meshes/cr12/J4.STL
[0.590s] -- Installing: /home/iudc/dobot_ws/install/cra_description/share/cra_description/meshes/cr12/base_link0.STL
[0.591s] -- Installing: /home/iudc/dobot_ws/install/cra_description/share/cra_description/meshes/cr12/J3.STL
[0.592s] -- Installing: /home/iudc/dobot_ws/install/cra_description/share/cra_description/meshes/cr12/J5.STL
[0.592s] -- Installing: /home/iudc/dobot_ws/install/cra_description/share/cra_description/meshes/cr12/J6.STL
[0.593s] -- Installing: /home/iudc/dobot_ws/install/cra_description/share/cra_description/meshes/nova2
[0.593s] -- Installing: /home/iudc/dobot_ws/install/cra_description/share/cra_description/meshes/nova2/Link6.STL
[0.593s] -- Installing: /home/iudc/dobot_ws/install/cra_description/share/cra_description/meshes/nova2/Link5.STL
[0.593s] -- Installing: /home/iudc/dobot_ws/install/cra_description/share/cra_description/meshes/nova2/Link2.STL
[0.594s] -- Installing: /home/iudc/dobot_ws/install/cra_description/share/cra_description/meshes/nova2/Link4.STL
[0.594s] -- Installing: /home/iudc/dobot_ws/install/cra_description/share/cra_description/meshes/nova2/Link1.STL
[0.595s] -- Installing: /home/iudc/dobot_ws/install/cra_description/share/cra_description/meshes/nova2/base_link.STL
[0.595s] -- Installing: /home/iudc/dobot_ws/install/cra_description/share/cra_description/meshes/nova2/Link3.STL
[0.596s] -- Installing: /home/iudc/dobot_ws/install/cra_description/share/cra_description/meshes/cr30h
[0.596s] -- Installing: /home/iudc/dobot_ws/install/cra_description/share/cra_description/meshes/cr30h/Link6.STL
[0.596s] -- Installing: /home/iudc/dobot_ws/install/cra_description/share/cra_description/meshes/cr30h/Link5.STL
[0.597s] -- Installing: /home/iudc/dobot_ws/install/cra_description/share/cra_description/meshes/cr30h/Link2.STL
[0.597s] -- Installing: /home/iudc/dobot_ws/install/cra_description/share/cra_description/meshes/cr30h/Link4.STL
[0.597s] -- Installing: /home/iudc/dobot_ws/install/cra_description/share/cra_description/meshes/cr30h/Link1.STL
[0.597s] -- Installing: /home/iudc/dobot_ws/install/cra_description/share/cra_description/meshes/cr30h/base_link.STL
[0.598s] -- Installing: /home/iudc/dobot_ws/install/cra_description/share/cra_description/meshes/cr30h/Link3.STL
[0.599s] -- Installing: /home/iudc/dobot_ws/install/cra_description/share/cra_description/meshes/cr10
[0.599s] -- Installing: /home/iudc/dobot_ws/install/cra_description/share/cra_description/meshes/cr10/Link6.STL
[0.599s] -- Installing: /home/iudc/dobot_ws/install/cra_description/share/cra_description/meshes/cr10/Link5.STL
[0.599s] -- Installing: /home/iudc/dobot_ws/install/cra_description/share/cra_description/meshes/cr10/Link2.STL
[0.600s] -- Installing: /home/iudc/dobot_ws/install/cra_description/share/cra_description/meshes/cr10/Link4.STL
[0.600s] -- Installing: /home/iudc/dobot_ws/install/cra_description/share/cra_description/meshes/cr10/Link1.STL
[0.600s] -- Installing: /home/iudc/dobot_ws/install/cra_description/share/cra_description/meshes/cr10/base_link.STL
[0.601s] -- Installing: /home/iudc/dobot_ws/install/cra_description/share/cra_description/meshes/cr10/Link3.STL
[0.601s] -- Installing: /home/iudc/dobot_ws/install/cra_description/share/cra_description/meshes/cr16
[0.601s] -- Installing: /home/iudc/dobot_ws/install/cra_description/share/cra_description/meshes/cr16/Link6.STL
[0.602s] -- Installing: /home/iudc/dobot_ws/install/cra_description/share/cra_description/meshes/cr16/Link5.STL
[0.602s] -- Installing: /home/iudc/dobot_ws/install/cra_description/share/cra_description/meshes/cr16/Link2.STL
[0.602s] -- Installing: /home/iudc/dobot_ws/install/cra_description/share/cra_description/meshes/cr16/Link4.STL
[0.603s] -- Installing: /home/iudc/dobot_ws/install/cra_description/share/cra_description/meshes/cr16/Link1.STL
[0.603s] -- Installing: /home/iudc/dobot_ws/install/cra_description/share/cra_description/meshes/cr16/base_link.STL
[0.604s] -- Installing: /home/iudc/dobot_ws/install/cra_description/share/cra_description/meshes/cr16/Link3.STL
[0.604s] -- Installing: /home/iudc/dobot_ws/install/cra_description/share/cra_description/meshes/cr5
[0.604s] -- Installing: /home/iudc/dobot_ws/install/cra_description/share/cra_description/meshes/cr5/Link1.dae
[0.605s] -- Installing: /home/iudc/dobot_ws/install/cra_description/share/cra_description/meshes/cr5/Link4.dae
[0.605s] -- Installing: /home/iudc/dobot_ws/install/cra_description/share/cra_description/meshes/cr5/Link3.dae
[0.606s] -- Installing: /home/iudc/dobot_ws/install/cra_description/share/cra_description/meshes/cr5/base_link.dae
[0.606s] -- Installing: /home/iudc/dobot_ws/install/cra_description/share/cra_description/meshes/cr5/Link5.dae
[0.606s] -- Installing: /home/iudc/dobot_ws/install/cra_description/share/cra_description/meshes/cr5/Link6.dae
[0.607s] -- Installing: /home/iudc/dobot_ws/install/cra_description/share/cra_description/meshes/cr5/Link2.dae
[0.610s] Invoked command in '/home/iudc/dobot_ws/build/cra_description' returned '0': CMAKE_PREFIX_PATH=${CMAKE_PREFIX_PATH}:/opt/ros/jazzy DEBUGINFOD_URLS=https://debuginfod.ubuntu.com /usr/bin/cmake --install /home/iudc/dobot_ws/build/cra_description
