[0.029s] Invoking command in '/home/iudc/dobot_ws/build/cr12_moveit': AMENT_PREFIX_PATH=/home/iudc/dobot_ws/install/dobot_rviz:${AMENT_PREFIX_PATH} CMAKE_PREFIX_PATH=/home/iudc/dobot_ws/install/dobot_rviz:/opt/ros/jazzy/opt/gz_sim_vendor:/opt/ros/jazzy/opt/gz_sensors_vendor:/opt/ros/jazzy/opt/gz_physics_vendor:/opt/ros/jazzy/opt/sdformat_vendor:/opt/ros/jazzy/opt/gz_gui_vendor:/opt/ros/jazzy/opt/gz_transport_vendor:/opt/ros/jazzy/opt/gz_rendering_vendor:/opt/ros/jazzy/opt/gz_plugin_vendor:/opt/ros/jazzy/opt/gz_fuel_tools_vendor:/opt/ros/jazzy/opt/gz_msgs_vendor:/opt/ros/jazzy/opt/gz_common_vendor:/opt/ros/jazzy/opt/gz_math_vendor:/opt/ros/jazzy/opt/gz_utils_vendor:/opt/ros/jazzy/opt/gz_tools_vendor:/opt/ros/jazzy/opt/gz_ogre_next_vendor:/opt/ros/jazzy/opt/gz_dartsim_vendor:/opt/ros/jazzy/opt/gz_cmake_vendor:/opt/ros/jazzy DEBUGINFOD_URLS=https://debuginfod.ubuntu.com /usr/bin/cmake /home/iudc/dobot_ws/src/DOBOT_6Axis_ROS2_V4/cr12_moveit -DCMAKE_INSTALL_PREFIX=/home/iudc/dobot_ws/install/cr12_moveit
[0.069s] -- The C compiler identification is GNU 13.3.0
[0.117s] -- The CXX compiler identification is GNU 13.3.0
[0.132s] -- Detecting C compiler ABI info
[0.206s] -- Detecting C compiler ABI info - done
[0.213s] -- Check for working C compiler: /usr/bin/cc - skipped
[0.213s] -- Detecting C compile features
[0.214s] -- Detecting C compile features - done
[0.221s] -- Detecting CXX compiler ABI info
[0.306s] -- Detecting CXX compiler ABI info - done
[0.312s] -- Check for working CXX compiler: /usr/bin/c++ - skipped
[0.312s] -- Detecting CXX compile features
[0.312s] -- Detecting CXX compile features - done
[0.316s] -- Found ament_cmake: 2.5.5 (/opt/ros/jazzy/share/ament_cmake/cmake)
[0.431s] -- Found Python3: /usr/bin/python3 (found version "3.12.3") found components: Interpreter 
[0.573s] -- Configuring done (0.5s)
[0.575s] -- Generating done (0.0s)
[0.576s] -- Build files have been written to: /home/iudc/dobot_ws/build/cr12_moveit
[0.580s] Invoked command in '/home/iudc/dobot_ws/build/cr12_moveit' returned '0': AMENT_PREFIX_PATH=/home/iudc/dobot_ws/install/dobot_rviz:${AMENT_PREFIX_PATH} CMAKE_PREFIX_PATH=/home/iudc/dobot_ws/install/dobot_rviz:/opt/ros/jazzy/opt/gz_sim_vendor:/opt/ros/jazzy/opt/gz_sensors_vendor:/opt/ros/jazzy/opt/gz_physics_vendor:/opt/ros/jazzy/opt/sdformat_vendor:/opt/ros/jazzy/opt/gz_gui_vendor:/opt/ros/jazzy/opt/gz_transport_vendor:/opt/ros/jazzy/opt/gz_rendering_vendor:/opt/ros/jazzy/opt/gz_plugin_vendor:/opt/ros/jazzy/opt/gz_fuel_tools_vendor:/opt/ros/jazzy/opt/gz_msgs_vendor:/opt/ros/jazzy/opt/gz_common_vendor:/opt/ros/jazzy/opt/gz_math_vendor:/opt/ros/jazzy/opt/gz_utils_vendor:/opt/ros/jazzy/opt/gz_tools_vendor:/opt/ros/jazzy/opt/gz_ogre_next_vendor:/opt/ros/jazzy/opt/gz_dartsim_vendor:/opt/ros/jazzy/opt/gz_cmake_vendor:/opt/ros/jazzy DEBUGINFOD_URLS=https://debuginfod.ubuntu.com /usr/bin/cmake /home/iudc/dobot_ws/src/DOBOT_6Axis_ROS2_V4/cr12_moveit -DCMAKE_INSTALL_PREFIX=/home/iudc/dobot_ws/install/cr12_moveit
[0.581s] Invoking command in '/home/iudc/dobot_ws/build/cr12_moveit': AMENT_PREFIX_PATH=/home/iudc/dobot_ws/install/dobot_rviz:${AMENT_PREFIX_PATH} CMAKE_PREFIX_PATH=/home/iudc/dobot_ws/install/dobot_rviz:/opt/ros/jazzy/opt/gz_sim_vendor:/opt/ros/jazzy/opt/gz_sensors_vendor:/opt/ros/jazzy/opt/gz_physics_vendor:/opt/ros/jazzy/opt/sdformat_vendor:/opt/ros/jazzy/opt/gz_gui_vendor:/opt/ros/jazzy/opt/gz_transport_vendor:/opt/ros/jazzy/opt/gz_rendering_vendor:/opt/ros/jazzy/opt/gz_plugin_vendor:/opt/ros/jazzy/opt/gz_fuel_tools_vendor:/opt/ros/jazzy/opt/gz_msgs_vendor:/opt/ros/jazzy/opt/gz_common_vendor:/opt/ros/jazzy/opt/gz_math_vendor:/opt/ros/jazzy/opt/gz_utils_vendor:/opt/ros/jazzy/opt/gz_tools_vendor:/opt/ros/jazzy/opt/gz_ogre_next_vendor:/opt/ros/jazzy/opt/gz_dartsim_vendor:/opt/ros/jazzy/opt/gz_cmake_vendor:/opt/ros/jazzy DEBUGINFOD_URLS=https://debuginfod.ubuntu.com /usr/bin/cmake --build /home/iudc/dobot_ws/build/cr12_moveit -- -j24 -l24
[0.625s] Invoked command in '/home/iudc/dobot_ws/build/cr12_moveit' returned '0': AMENT_PREFIX_PATH=/home/iudc/dobot_ws/install/dobot_rviz:${AMENT_PREFIX_PATH} CMAKE_PREFIX_PATH=/home/iudc/dobot_ws/install/dobot_rviz:/opt/ros/jazzy/opt/gz_sim_vendor:/opt/ros/jazzy/opt/gz_sensors_vendor:/opt/ros/jazzy/opt/gz_physics_vendor:/opt/ros/jazzy/opt/sdformat_vendor:/opt/ros/jazzy/opt/gz_gui_vendor:/opt/ros/jazzy/opt/gz_transport_vendor:/opt/ros/jazzy/opt/gz_rendering_vendor:/opt/ros/jazzy/opt/gz_plugin_vendor:/opt/ros/jazzy/opt/gz_fuel_tools_vendor:/opt/ros/jazzy/opt/gz_msgs_vendor:/opt/ros/jazzy/opt/gz_common_vendor:/opt/ros/jazzy/opt/gz_math_vendor:/opt/ros/jazzy/opt/gz_utils_vendor:/opt/ros/jazzy/opt/gz_tools_vendor:/opt/ros/jazzy/opt/gz_ogre_next_vendor:/opt/ros/jazzy/opt/gz_dartsim_vendor:/opt/ros/jazzy/opt/gz_cmake_vendor:/opt/ros/jazzy DEBUGINFOD_URLS=https://debuginfod.ubuntu.com /usr/bin/cmake --build /home/iudc/dobot_ws/build/cr12_moveit -- -j24 -l24
[0.626s] Invoking command in '/home/iudc/dobot_ws/build/cr12_moveit': AMENT_PREFIX_PATH=/home/iudc/dobot_ws/install/dobot_rviz:${AMENT_PREFIX_PATH} CMAKE_PREFIX_PATH=/home/iudc/dobot_ws/install/dobot_rviz:/opt/ros/jazzy/opt/gz_sim_vendor:/opt/ros/jazzy/opt/gz_sensors_vendor:/opt/ros/jazzy/opt/gz_physics_vendor:/opt/ros/jazzy/opt/sdformat_vendor:/opt/ros/jazzy/opt/gz_gui_vendor:/opt/ros/jazzy/opt/gz_transport_vendor:/opt/ros/jazzy/opt/gz_rendering_vendor:/opt/ros/jazzy/opt/gz_plugin_vendor:/opt/ros/jazzy/opt/gz_fuel_tools_vendor:/opt/ros/jazzy/opt/gz_msgs_vendor:/opt/ros/jazzy/opt/gz_common_vendor:/opt/ros/jazzy/opt/gz_math_vendor:/opt/ros/jazzy/opt/gz_utils_vendor:/opt/ros/jazzy/opt/gz_tools_vendor:/opt/ros/jazzy/opt/gz_ogre_next_vendor:/opt/ros/jazzy/opt/gz_dartsim_vendor:/opt/ros/jazzy/opt/gz_cmake_vendor:/opt/ros/jazzy DEBUGINFOD_URLS=https://debuginfod.ubuntu.com /usr/bin/cmake --install /home/iudc/dobot_ws/build/cr12_moveit
[0.632s] -- Install configuration: ""
[0.632s] -- Installing: /home/iudc/dobot_ws/install/cr12_moveit/share/ament_index/resource_index/package_run_dependencies/cr12_moveit
[0.632s] -- Installing: /home/iudc/dobot_ws/install/cr12_moveit/share/ament_index/resource_index/parent_prefix_path/cr12_moveit
[0.632s] -- Installing: /home/iudc/dobot_ws/install/cr12_moveit/share/cr12_moveit/environment/ament_prefix_path.sh
[0.632s] -- Installing: /home/iudc/dobot_ws/install/cr12_moveit/share/cr12_moveit/environment/ament_prefix_path.dsv
[0.632s] -- Installing: /home/iudc/dobot_ws/install/cr12_moveit/share/cr12_moveit/environment/path.sh
[0.632s] -- Installing: /home/iudc/dobot_ws/install/cr12_moveit/share/cr12_moveit/environment/path.dsv
[0.632s] -- Installing: /home/iudc/dobot_ws/install/cr12_moveit/share/cr12_moveit/local_setup.bash
[0.632s] -- Installing: /home/iudc/dobot_ws/install/cr12_moveit/share/cr12_moveit/local_setup.sh
[0.632s] -- Installing: /home/iudc/dobot_ws/install/cr12_moveit/share/cr12_moveit/local_setup.zsh
[0.632s] -- Installing: /home/iudc/dobot_ws/install/cr12_moveit/share/cr12_moveit/local_setup.dsv
[0.633s] -- Installing: /home/iudc/dobot_ws/install/cr12_moveit/share/cr12_moveit/package.dsv
[0.633s] -- Installing: /home/iudc/dobot_ws/install/cr12_moveit/share/ament_index/resource_index/packages/cr12_moveit
[0.633s] -- Installing: /home/iudc/dobot_ws/install/cr12_moveit/share/cr12_moveit/cmake/cr12_moveitConfig.cmake
[0.633s] -- Installing: /home/iudc/dobot_ws/install/cr12_moveit/share/cr12_moveit/cmake/cr12_moveitConfig-version.cmake
[0.633s] -- Installing: /home/iudc/dobot_ws/install/cr12_moveit/share/cr12_moveit/package.xml
[0.633s] -- Installing: /home/iudc/dobot_ws/install/cr12_moveit/share/cr12_moveit/launch
[0.634s] -- Installing: /home/iudc/dobot_ws/install/cr12_moveit/share/cr12_moveit/launch/moveit_rviz.launch.py
[0.634s] -- Installing: /home/iudc/dobot_ws/install/cr12_moveit/share/cr12_moveit/launch/dobot_moveit.launch.py
[0.634s] -- Installing: /home/iudc/dobot_ws/install/cr12_moveit/share/cr12_moveit/launch/setup_assistant.launch.py
[0.634s] -- Installing: /home/iudc/dobot_ws/install/cr12_moveit/share/cr12_moveit/launch/static_virtual_joint_tfs.launch.py
[0.634s] -- Installing: /home/iudc/dobot_ws/install/cr12_moveit/share/cr12_moveit/launch/demo.launch.py
[0.634s] -- Installing: /home/iudc/dobot_ws/install/cr12_moveit/share/cr12_moveit/launch/move_group.launch.py
[0.634s] -- Installing: /home/iudc/dobot_ws/install/cr12_moveit/share/cr12_moveit/launch/warehouse_db.launch.py
[0.634s] -- Installing: /home/iudc/dobot_ws/install/cr12_moveit/share/cr12_moveit/launch/rsp.launch.py
[0.635s] -- Installing: /home/iudc/dobot_ws/install/cr12_moveit/share/cr12_moveit/launch/spawn_controllers.launch.py
[0.635s] -- Installing: /home/iudc/dobot_ws/install/cr12_moveit/share/cr12_moveit/launch/moveit_gazebo.launch.py
[0.635s] -- Installing: /home/iudc/dobot_ws/install/cr12_moveit/share/cr12_moveit/config
[0.635s] -- Installing: /home/iudc/dobot_ws/install/cr12_moveit/share/cr12_moveit/config/cr12_robot.ros2_control.xacro
[0.635s] -- Installing: /home/iudc/dobot_ws/install/cr12_moveit/share/cr12_moveit/config/pilz_cartesian_limits.yaml
[0.635s] -- Installing: /home/iudc/dobot_ws/install/cr12_moveit/share/cr12_moveit/config/kinematics.yaml
[0.635s] -- Installing: /home/iudc/dobot_ws/install/cr12_moveit/share/cr12_moveit/config/cr12_robot.urdf.xacro
[0.635s] -- Installing: /home/iudc/dobot_ws/install/cr12_moveit/share/cr12_moveit/config/moveit.rviz
[0.635s] -- Installing: /home/iudc/dobot_ws/install/cr12_moveit/share/cr12_moveit/config/ros2_controllers.yaml
[0.635s] -- Installing: /home/iudc/dobot_ws/install/cr12_moveit/share/cr12_moveit/config/cr12_robot.srdf
[0.635s] -- Installing: /home/iudc/dobot_ws/install/cr12_moveit/share/cr12_moveit/config/initial_positions.yaml
[0.635s] -- Installing: /home/iudc/dobot_ws/install/cr12_moveit/share/cr12_moveit/config/moveit_controllers.yaml
[0.635s] -- Installing: /home/iudc/dobot_ws/install/cr12_moveit/share/cr12_moveit/config/joint_limits.yaml
[0.635s] -- Installing: /home/iudc/dobot_ws/install/cr12_moveit/share/cr12_moveit/.setup_assistant
[0.657s] Invoked command in '/home/iudc/dobot_ws/build/cr12_moveit' returned '0': AMENT_PREFIX_PATH=/home/iudc/dobot_ws/install/dobot_rviz:${AMENT_PREFIX_PATH} CMAKE_PREFIX_PATH=/home/iudc/dobot_ws/install/dobot_rviz:/opt/ros/jazzy/opt/gz_sim_vendor:/opt/ros/jazzy/opt/gz_sensors_vendor:/opt/ros/jazzy/opt/gz_physics_vendor:/opt/ros/jazzy/opt/sdformat_vendor:/opt/ros/jazzy/opt/gz_gui_vendor:/opt/ros/jazzy/opt/gz_transport_vendor:/opt/ros/jazzy/opt/gz_rendering_vendor:/opt/ros/jazzy/opt/gz_plugin_vendor:/opt/ros/jazzy/opt/gz_fuel_tools_vendor:/opt/ros/jazzy/opt/gz_msgs_vendor:/opt/ros/jazzy/opt/gz_common_vendor:/opt/ros/jazzy/opt/gz_math_vendor:/opt/ros/jazzy/opt/gz_utils_vendor:/opt/ros/jazzy/opt/gz_tools_vendor:/opt/ros/jazzy/opt/gz_ogre_next_vendor:/opt/ros/jazzy/opt/gz_dartsim_vendor:/opt/ros/jazzy/opt/gz_cmake_vendor:/opt/ros/jazzy DEBUGINFOD_URLS=https://debuginfod.ubuntu.com /usr/bin/cmake --install /home/iudc/dobot_ws/build/cr12_moveit
