[0.019s] Invoking command in '/home/iudc/dobot_ws/build/dobot_rviz': CMAKE_PREFIX_PATH=${CMAKE_PREFIX_PATH}:/opt/ros/jazzy DEBUGINFOD_URLS=https://debuginfod.ubuntu.com /usr/bin/cmake /home/iudc/dobot_ws/src/DOBOT_6Axis_ROS2_V4/dobot_rviz -DCMAKE_INSTALL_PREFIX=/home/iudc/dobot_ws/install/dobot_rviz
[0.257s] -- The C compiler identification is GNU 13.3.0
[0.257s] -- The CXX compiler identification is GNU 13.3.0
[0.257s] -- Detecting C compiler ABI info
[0.257s] -- Detecting C compiler ABI info - done
[0.257s] -- Check for working C compiler: /usr/bin/cc - skipped
[0.257s] -- Detecting C compile features
[0.257s] -- Detecting C compile features - done
[0.257s] -- Detecting CXX compiler ABI info
[0.264s] -- Detecting CXX compiler ABI info - done
[0.269s] -- Check for working CXX compiler: /usr/bin/c++ - skipped
[0.270s] -- Detecting CXX compile features
[0.270s] -- Detecting CXX compile features - done
[0.273s] -- Found ament_cmake: 2.5.5 (/opt/ros/jazzy/share/ament_cmake/cmake)
[0.382s] -- Found Python3: /usr/bin/python3 (found version "3.12.3") found components: Interpreter 
[0.468s] -- Found ament_lint_auto: 0.17.4 (/opt/ros/jazzy/share/ament_lint_auto/cmake)
[0.540s] -- Added test 'flake8' to check Python code syntax and style conventions
[0.540s] -- Configured 'flake8' exclude dirs and/or files: 
[0.541s] -- Added test 'lint_cmake' to check CMake code style
[0.542s] -- Added test 'pep257' to check Python code against some of the docstring style conventions in PEP 257
[0.546s] -- Added test 'xmllint' to check XML markup files
[0.547s] -- Configuring done (0.5s)
[0.549s] -- Generating done (0.0s)
[0.550s] -- Build files have been written to: /home/iudc/dobot_ws/build/dobot_rviz
[0.555s] Invoked command in '/home/iudc/dobot_ws/build/dobot_rviz' returned '0': CMAKE_PREFIX_PATH=${CMAKE_PREFIX_PATH}:/opt/ros/jazzy DEBUGINFOD_URLS=https://debuginfod.ubuntu.com /usr/bin/cmake /home/iudc/dobot_ws/src/DOBOT_6Axis_ROS2_V4/dobot_rviz -DCMAKE_INSTALL_PREFIX=/home/iudc/dobot_ws/install/dobot_rviz
[0.556s] Invoking command in '/home/iudc/dobot_ws/build/dobot_rviz': CMAKE_PREFIX_PATH=${CMAKE_PREFIX_PATH}:/opt/ros/jazzy DEBUGINFOD_URLS=https://debuginfod.ubuntu.com /usr/bin/cmake --build /home/iudc/dobot_ws/build/dobot_rviz -- -j24 -l24
[0.585s] Invoked command in '/home/iudc/dobot_ws/build/dobot_rviz' returned '0': CMAKE_PREFIX_PATH=${CMAKE_PREFIX_PATH}:/opt/ros/jazzy DEBUGINFOD_URLS=https://debuginfod.ubuntu.com /usr/bin/cmake --build /home/iudc/dobot_ws/build/dobot_rviz -- -j24 -l24
[0.586s] Invoking command in '/home/iudc/dobot_ws/build/dobot_rviz': CMAKE_PREFIX_PATH=${CMAKE_PREFIX_PATH}:/opt/ros/jazzy DEBUGINFOD_URLS=https://debuginfod.ubuntu.com /usr/bin/cmake --install /home/iudc/dobot_ws/build/dobot_rviz
[0.591s] -- Install configuration: ""
[0.591s] -- Installing: /home/iudc/dobot_ws/install/dobot_rviz/share/dobot_rviz/launch
[0.591s] -- Installing: /home/iudc/dobot_ws/install/dobot_rviz/share/dobot_rviz/launch/dobot_rviz.launch.py
[0.591s] -- Installing: /home/iudc/dobot_ws/install/dobot_rviz/share/dobot_rviz/urdf
[0.591s] -- Installing: /home/iudc/dobot_ws/install/dobot_rviz/share/dobot_rviz/urdf/nova5_robot.urdf
[0.591s] -- Installing: /home/iudc/dobot_ws/install/dobot_rviz/share/dobot_rviz/urdf/me6_robot.urdf
[0.591s] -- Installing: /home/iudc/dobot_ws/install/dobot_rviz/share/dobot_rviz/urdf/cr30h_robot.urdf
[0.591s] -- Installing: /home/iudc/dobot_ws/install/dobot_rviz/share/dobot_rviz/urdf/cr16_robot.urdf
[0.592s] -- Installing: /home/iudc/dobot_ws/install/dobot_rviz/share/dobot_rviz/urdf/nova2_robot.urdf
[0.592s] -- Installing: /home/iudc/dobot_ws/install/dobot_rviz/share/dobot_rviz/urdf/cr20_robot.urdf
[0.592s] -- Installing: /home/iudc/dobot_ws/install/dobot_rviz/share/dobot_rviz/urdf/cr10_robot.urdf
[0.592s] -- Installing: /home/iudc/dobot_ws/install/dobot_rviz/share/dobot_rviz/urdf/cr3_robot.urdf
[0.592s] -- Installing: /home/iudc/dobot_ws/install/dobot_rviz/share/dobot_rviz/urdf/cr12_robot.urdf
[0.592s] -- Installing: /home/iudc/dobot_ws/install/dobot_rviz/share/dobot_rviz/urdf/cr7_robot.urdf
[0.592s] -- Installing: /home/iudc/dobot_ws/install/dobot_rviz/share/dobot_rviz/urdf/cr5_robot.urdf
[0.592s] -- Installing: /home/iudc/dobot_ws/install/dobot_rviz/share/dobot_rviz/rviz
[0.592s] -- Installing: /home/iudc/dobot_ws/install/dobot_rviz/share/dobot_rviz/rviz/urdf.rviz
[0.592s] -- Installing: /home/iudc/dobot_ws/install/dobot_rviz/share/dobot_rviz/meshes
[0.592s] -- Installing: /home/iudc/dobot_ws/install/dobot_rviz/share/dobot_rviz/meshes/cr20
[0.592s] -- Installing: /home/iudc/dobot_ws/install/dobot_rviz/share/dobot_rviz/meshes/cr20/Link6.STL
[0.593s] -- Installing: /home/iudc/dobot_ws/install/dobot_rviz/share/dobot_rviz/meshes/cr20/Link5.STL
[0.593s] -- Installing: /home/iudc/dobot_ws/install/dobot_rviz/share/dobot_rviz/meshes/cr20/Link2.STL
[0.594s] -- Installing: /home/iudc/dobot_ws/install/dobot_rviz/share/dobot_rviz/meshes/cr20/Link4.STL
[0.595s] -- Installing: /home/iudc/dobot_ws/install/dobot_rviz/share/dobot_rviz/meshes/cr20/Link1.STL
[0.595s] -- Installing: /home/iudc/dobot_ws/install/dobot_rviz/share/dobot_rviz/meshes/cr20/base_link.STL
[0.597s] -- Installing: /home/iudc/dobot_ws/install/dobot_rviz/share/dobot_rviz/meshes/cr20/Link3.STL
[0.598s] -- Installing: /home/iudc/dobot_ws/install/dobot_rviz/share/dobot_rviz/meshes/me6
[0.598s] -- Installing: /home/iudc/dobot_ws/install/dobot_rviz/share/dobot_rviz/meshes/me6/Link6.STL
[0.599s] -- Installing: /home/iudc/dobot_ws/install/dobot_rviz/share/dobot_rviz/meshes/me6/Link5.STL
[0.601s] -- Installing: /home/iudc/dobot_ws/install/dobot_rviz/share/dobot_rviz/meshes/me6/Link2.STL
[0.602s] -- Installing: /home/iudc/dobot_ws/install/dobot_rviz/share/dobot_rviz/meshes/me6/Link4.STL
[0.603s] -- Installing: /home/iudc/dobot_ws/install/dobot_rviz/share/dobot_rviz/meshes/me6/Link1.STL
[0.604s] -- Installing: /home/iudc/dobot_ws/install/dobot_rviz/share/dobot_rviz/meshes/me6/base_link.STL
[0.609s] -- Installing: /home/iudc/dobot_ws/install/dobot_rviz/share/dobot_rviz/meshes/me6/Link3.STL
[0.611s] -- Installing: /home/iudc/dobot_ws/install/dobot_rviz/share/dobot_rviz/meshes/nova5
[0.611s] -- Installing: /home/iudc/dobot_ws/install/dobot_rviz/share/dobot_rviz/meshes/nova5/Link6.STL
[0.612s] -- Installing: /home/iudc/dobot_ws/install/dobot_rviz/share/dobot_rviz/meshes/nova5/Link5.STL
[0.613s] -- Installing: /home/iudc/dobot_ws/install/dobot_rviz/share/dobot_rviz/meshes/nova5/Link2.STL
[0.614s] -- Installing: /home/iudc/dobot_ws/install/dobot_rviz/share/dobot_rviz/meshes/nova5/Link4.STL
[0.614s] -- Installing: /home/iudc/dobot_ws/install/dobot_rviz/share/dobot_rviz/meshes/nova5/Link1.STL
[0.615s] -- Installing: /home/iudc/dobot_ws/install/dobot_rviz/share/dobot_rviz/meshes/nova5/base_link.STL
[0.615s] -- Installing: /home/iudc/dobot_ws/install/dobot_rviz/share/dobot_rviz/meshes/nova5/Link3.STL
[0.615s] -- Installing: /home/iudc/dobot_ws/install/dobot_rviz/share/dobot_rviz/meshes/cr3
[0.615s] -- Installing: /home/iudc/dobot_ws/install/dobot_rviz/share/dobot_rviz/meshes/cr3/J1.STL
[0.616s] -- Installing: /home/iudc/dobot_ws/install/dobot_rviz/share/dobot_rviz/meshes/cr3/J2.STL
[0.616s] -- Installing: /home/iudc/dobot_ws/install/dobot_rviz/share/dobot_rviz/meshes/cr3/J4.STL
[0.616s] -- Installing: /home/iudc/dobot_ws/install/dobot_rviz/share/dobot_rviz/meshes/cr3/J3.STL
[0.617s] -- Installing: /home/iudc/dobot_ws/install/dobot_rviz/share/dobot_rviz/meshes/cr3/J5.STL
[0.617s] -- Installing: /home/iudc/dobot_ws/install/dobot_rviz/share/dobot_rviz/meshes/cr3/base_link.STL
[0.617s] -- Installing: /home/iudc/dobot_ws/install/dobot_rviz/share/dobot_rviz/meshes/cr3/J6.STL
[0.617s] -- Installing: /home/iudc/dobot_ws/install/dobot_rviz/share/dobot_rviz/meshes/cr7
[0.617s] -- Installing: /home/iudc/dobot_ws/install/dobot_rviz/share/dobot_rviz/meshes/cr7/J1.STL
[0.618s] -- Installing: /home/iudc/dobot_ws/install/dobot_rviz/share/dobot_rviz/meshes/cr7/J2.STL
[0.619s] -- Installing: /home/iudc/dobot_ws/install/dobot_rviz/share/dobot_rviz/meshes/cr7/J4.STL
[0.619s] -- Installing: /home/iudc/dobot_ws/install/dobot_rviz/share/dobot_rviz/meshes/cr7/base_link0.STL
[0.619s] -- Installing: /home/iudc/dobot_ws/install/dobot_rviz/share/dobot_rviz/meshes/cr7/J3.STL
[0.620s] -- Installing: /home/iudc/dobot_ws/install/dobot_rviz/share/dobot_rviz/meshes/cr7/J5.STL
[0.620s] -- Installing: /home/iudc/dobot_ws/install/dobot_rviz/share/dobot_rviz/meshes/cr7/J6.STL
[0.621s] -- Installing: /home/iudc/dobot_ws/install/dobot_rviz/share/dobot_rviz/meshes/cr12
[0.621s] -- Installing: /home/iudc/dobot_ws/install/dobot_rviz/share/dobot_rviz/meshes/cr12/J1.STL
[0.621s] -- Installing: /home/iudc/dobot_ws/install/dobot_rviz/share/dobot_rviz/meshes/cr12/J2.STL
[0.621s] -- Installing: /home/iudc/dobot_ws/install/dobot_rviz/share/dobot_rviz/meshes/cr12/J4.STL
[0.622s] -- Installing: /home/iudc/dobot_ws/install/dobot_rviz/share/dobot_rviz/meshes/cr12/base_link0.STL
[0.623s] -- Installing: /home/iudc/dobot_ws/install/dobot_rviz/share/dobot_rviz/meshes/cr12/J3.STL
[0.623s] -- Installing: /home/iudc/dobot_ws/install/dobot_rviz/share/dobot_rviz/meshes/cr12/J5.STL
[0.623s] -- Installing: /home/iudc/dobot_ws/install/dobot_rviz/share/dobot_rviz/meshes/cr12/J6.STL
[0.624s] -- Installing: /home/iudc/dobot_ws/install/dobot_rviz/share/dobot_rviz/meshes/nova2
[0.624s] -- Installing: /home/iudc/dobot_ws/install/dobot_rviz/share/dobot_rviz/meshes/nova2/Link6.STL
[0.624s] -- Installing: /home/iudc/dobot_ws/install/dobot_rviz/share/dobot_rviz/meshes/nova2/Link5.STL
[0.625s] -- Installing: /home/iudc/dobot_ws/install/dobot_rviz/share/dobot_rviz/meshes/nova2/Link2.STL
[0.625s] -- Installing: /home/iudc/dobot_ws/install/dobot_rviz/share/dobot_rviz/meshes/nova2/Link4.STL
[0.625s] -- Installing: /home/iudc/dobot_ws/install/dobot_rviz/share/dobot_rviz/meshes/nova2/Link1.STL
[0.626s] -- Installing: /home/iudc/dobot_ws/install/dobot_rviz/share/dobot_rviz/meshes/nova2/base_link.STL
[0.626s] -- Installing: /home/iudc/dobot_ws/install/dobot_rviz/share/dobot_rviz/meshes/nova2/Link3.STL
[0.627s] -- Installing: /home/iudc/dobot_ws/install/dobot_rviz/share/dobot_rviz/meshes/cr30h
[0.627s] -- Installing: /home/iudc/dobot_ws/install/dobot_rviz/share/dobot_rviz/meshes/cr30h/Link6.STL
[0.627s] -- Installing: /home/iudc/dobot_ws/install/dobot_rviz/share/dobot_rviz/meshes/cr30h/Link5.STL
[0.628s] -- Installing: /home/iudc/dobot_ws/install/dobot_rviz/share/dobot_rviz/meshes/cr30h/Link2.STL
[0.628s] -- Installing: /home/iudc/dobot_ws/install/dobot_rviz/share/dobot_rviz/meshes/cr30h/Link4.STL
[0.628s] -- Installing: /home/iudc/dobot_ws/install/dobot_rviz/share/dobot_rviz/meshes/cr30h/Link1.STL
[0.628s] -- Installing: /home/iudc/dobot_ws/install/dobot_rviz/share/dobot_rviz/meshes/cr30h/base_link.STL
[0.629s] -- Installing: /home/iudc/dobot_ws/install/dobot_rviz/share/dobot_rviz/meshes/cr30h/Link3.STL
[0.630s] -- Installing: /home/iudc/dobot_ws/install/dobot_rviz/share/dobot_rviz/meshes/cr10
[0.630s] -- Installing: /home/iudc/dobot_ws/install/dobot_rviz/share/dobot_rviz/meshes/cr10/Link6.STL
[0.630s] -- Installing: /home/iudc/dobot_ws/install/dobot_rviz/share/dobot_rviz/meshes/cr10/Link5.STL
[0.630s] -- Installing: /home/iudc/dobot_ws/install/dobot_rviz/share/dobot_rviz/meshes/cr10/Link2.STL
[0.631s] -- Installing: /home/iudc/dobot_ws/install/dobot_rviz/share/dobot_rviz/meshes/cr10/Link4.STL
[0.631s] -- Installing: /home/iudc/dobot_ws/install/dobot_rviz/share/dobot_rviz/meshes/cr10/Link1.STL
[0.631s] -- Installing: /home/iudc/dobot_ws/install/dobot_rviz/share/dobot_rviz/meshes/cr10/base_link.STL
[0.632s] -- Installing: /home/iudc/dobot_ws/install/dobot_rviz/share/dobot_rviz/meshes/cr10/Link3.STL
[0.632s] -- Installing: /home/iudc/dobot_ws/install/dobot_rviz/share/dobot_rviz/meshes/cr16
[0.632s] -- Installing: /home/iudc/dobot_ws/install/dobot_rviz/share/dobot_rviz/meshes/cr16/Link6.STL
[0.633s] -- Installing: /home/iudc/dobot_ws/install/dobot_rviz/share/dobot_rviz/meshes/cr16/Link5.STL
[0.633s] -- Installing: /home/iudc/dobot_ws/install/dobot_rviz/share/dobot_rviz/meshes/cr16/Link2.STL
[0.633s] -- Installing: /home/iudc/dobot_ws/install/dobot_rviz/share/dobot_rviz/meshes/cr16/Link4.STL
[0.633s] -- Installing: /home/iudc/dobot_ws/install/dobot_rviz/share/dobot_rviz/meshes/cr16/Link1.STL
[0.634s] -- Installing: /home/iudc/dobot_ws/install/dobot_rviz/share/dobot_rviz/meshes/cr16/base_link.STL
[0.634s] -- Installing: /home/iudc/dobot_ws/install/dobot_rviz/share/dobot_rviz/meshes/cr16/Link3.STL
[0.635s] -- Installing: /home/iudc/dobot_ws/install/dobot_rviz/share/dobot_rviz/meshes/cr5
[0.635s] -- Installing: /home/iudc/dobot_ws/install/dobot_rviz/share/dobot_rviz/meshes/cr5/J1.STL
[0.635s] -- Installing: /home/iudc/dobot_ws/install/dobot_rviz/share/dobot_rviz/meshes/cr5/J2.STL
[0.636s] -- Installing: /home/iudc/dobot_ws/install/dobot_rviz/share/dobot_rviz/meshes/cr5/J4.STL
[0.636s] -- Installing: /home/iudc/dobot_ws/install/dobot_rviz/share/dobot_rviz/meshes/cr5/J3.STL
[0.636s] -- Installing: /home/iudc/dobot_ws/install/dobot_rviz/share/dobot_rviz/meshes/cr5/J5.STL
[0.636s] -- Installing: /home/iudc/dobot_ws/install/dobot_rviz/share/dobot_rviz/meshes/cr5/base_link.STL
[0.637s] -- Installing: /home/iudc/dobot_ws/install/dobot_rviz/share/dobot_rviz/meshes/cr5/J6.STL
[0.637s] -- Installing: /home/iudc/dobot_ws/install/dobot_rviz/share/ament_index/resource_index/package_run_dependencies/dobot_rviz
[0.637s] -- Installing: /home/iudc/dobot_ws/install/dobot_rviz/share/ament_index/resource_index/parent_prefix_path/dobot_rviz
[0.637s] -- Installing: /home/iudc/dobot_ws/install/dobot_rviz/share/dobot_rviz/environment/ament_prefix_path.sh
[0.637s] -- Installing: /home/iudc/dobot_ws/install/dobot_rviz/share/dobot_rviz/environment/ament_prefix_path.dsv
[0.637s] -- Installing: /home/iudc/dobot_ws/install/dobot_rviz/share/dobot_rviz/environment/path.sh
[0.638s] -- Installing: /home/iudc/dobot_ws/install/dobot_rviz/share/dobot_rviz/environment/path.dsv
[0.638s] -- Installing: /home/iudc/dobot_ws/install/dobot_rviz/share/dobot_rviz/local_setup.bash
[0.638s] -- Installing: /home/iudc/dobot_ws/install/dobot_rviz/share/dobot_rviz/local_setup.sh
[0.638s] -- Installing: /home/iudc/dobot_ws/install/dobot_rviz/share/dobot_rviz/local_setup.zsh
[0.638s] -- Installing: /home/iudc/dobot_ws/install/dobot_rviz/share/dobot_rviz/local_setup.dsv
[0.638s] -- Installing: /home/iudc/dobot_ws/install/dobot_rviz/share/dobot_rviz/package.dsv
[0.638s] -- Installing: /home/iudc/dobot_ws/install/dobot_rviz/share/ament_index/resource_index/packages/dobot_rviz
[0.638s] -- Installing: /home/iudc/dobot_ws/install/dobot_rviz/share/dobot_rviz/cmake/dobot_rvizConfig.cmake
[0.638s] -- Installing: /home/iudc/dobot_ws/install/dobot_rviz/share/dobot_rviz/cmake/dobot_rvizConfig-version.cmake
[0.638s] -- Installing: /home/iudc/dobot_ws/install/dobot_rviz/share/dobot_rviz/package.xml
[0.640s] Invoked command in '/home/iudc/dobot_ws/build/dobot_rviz' returned '0': CMAKE_PREFIX_PATH=${CMAKE_PREFIX_PATH}:/opt/ros/jazzy DEBUGINFOD_URLS=https://debuginfod.ubuntu.com /usr/bin/cmake --install /home/iudc/dobot_ws/build/dobot_rviz
