[0.742s] Invoking command in '/home/iudc/dobot_ws/src/DOBOT_6Axis_ROS2_V4/servo_action': DEBUGINFOD_URLS=https://debuginfod.ubuntu.com PYTHONPATH=/home/iudc/dobot_ws/build/servo_action/prefix_override:/usr/lib/python3/dist-packages/colcon_core/task/python/colcon_distutils_commands:/home/iudc/dobot_ws/install/servo_action/lib/python3.12/site-packages:${PYTHONPATH} /usr/bin/python3 -W ignore:setup.py install is deprecated -W ignore:easy_install command is deprecated setup.py egg_info --egg-base ../../../build/servo_action build --build-base /home/iudc/dobot_ws/build/servo_action/build install --record /home/iudc/dobot_ws/build/servo_action/install.log --single-version-externally-managed install_data
[0.881s] running egg_info
[0.889s] writing ../../../build/servo_action/servo_action.egg-info/PKG-INFO
[0.889s] writing dependency_links to ../../../build/servo_action/servo_action.egg-info/dependency_links.txt
[0.889s] writing entry points to ../../../build/servo_action/servo_action.egg-info/entry_points.txt
[0.889s] writing requirements to ../../../build/servo_action/servo_action.egg-info/requires.txt
[0.890s] writing top-level names to ../../../build/servo_action/servo_action.egg-info/top_level.txt
[0.907s] reading manifest file '../../../build/servo_action/servo_action.egg-info/SOURCES.txt'
[0.907s] writing manifest file '../../../build/servo_action/servo_action.egg-info/SOURCES.txt'
[0.907s] running build
[0.907s] running build_py
[0.908s] running install
[0.911s] running install_lib
[0.920s] running install_data
[0.920s] running install_egg_info
[0.930s] removing '/home/iudc/dobot_ws/install/servo_action/lib/python3.12/site-packages/servo_action-0.0.0-py3.12.egg-info' (and everything under it)
[0.930s] Copying ../../../build/servo_action/servo_action.egg-info to /home/iudc/dobot_ws/install/servo_action/lib/python3.12/site-packages/servo_action-0.0.0-py3.12.egg-info
[0.931s] running install_scripts
[0.999s] Installing Joint_Position script to /home/iudc/dobot_ws/install/servo_action/lib/servo_action
[0.999s] Installing action_move_client script to /home/iudc/dobot_ws/install/servo_action/lib/servo_action
[0.999s] writing list of installed files to '/home/iudc/dobot_ws/build/servo_action/install.log'
[1.020s] Invoked command in '/home/iudc/dobot_ws/src/DOBOT_6Axis_ROS2_V4/servo_action' returned '0': DEBUGINFOD_URLS=https://debuginfod.ubuntu.com PYTHONPATH=/home/iudc/dobot_ws/build/servo_action/prefix_override:/usr/lib/python3/dist-packages/colcon_core/task/python/colcon_distutils_commands:/home/iudc/dobot_ws/install/servo_action/lib/python3.12/site-packages:${PYTHONPATH} /usr/bin/python3 -W ignore:setup.py install is deprecated -W ignore:easy_install command is deprecated setup.py egg_info --egg-base ../../../build/servo_action build --build-base /home/iudc/dobot_ws/build/servo_action/build install --record /home/iudc/dobot_ws/build/servo_action/install.log --single-version-externally-managed install_data
